[0mCompiling "resources/public/js/compiled/mwl-app.js" from ["src/cljs-mwl"]...[0m
[32mSuccessfully compiled "resources/public/js/compiled/mwl-app.js" in 1.329 seconds.[0m
notifying browser that file changed:  resources/public/js/compiled/out-mwl/goog/deps.js
notifying browser that file changed:  resources/public/js/compiled/out-mwl/cljs_deps.js
notifying browser that file changed:  resources\public\js\compiled\out-mwl\danuraisite\mwlapp.js
[0mCompiling "resources/public/js/compiled/mwl-app.js" from ["src/cljs-mwl"]...[0m
[32mSuccessfully compiled "resources/public/js/compiled/mwl-app.js" in 1.309 seconds.[0m
notifying browser that file changed:  resources\public\js\compiled\out-mwl\danuraisite\mwlapp.js
[0mCompiling "resources/public/js/compiled/nrf-app.js" from ["src/cljs-nrf"]...[0m
[32mSuccessfully compiled "resources/public/js/compiled/nrf-app.js" in 1.006 seconds.[0m
notifying browser that file changed:  resources/public/js/compiled/out-nrf/goog/deps.js
notifying browser that file changed:  resources/public/js/compiled/out-nrf/cljs_deps.js
notifying browser that file changed:  resources\public\js\compiled\out-nrf\danuraisite\nrfapp.js
[0mCompiling "resources/public/js/compiled/nrf-app.js" from ["src/cljs-nrf"]...[0m
[32mSuccessfully compiled "resources/public/js/compiled/nrf-app.js" in 0.934 seconds.[0m
notifying browser that file changed:  resources/public/js/compiled/out-nrf/goog/deps.js
notifying browser that file changed:  resources/public/js/compiled/out-nrf/cljs_deps.js
notifying browser that file changed:  resources\public\js\compiled\out-nrf\danuraisite\nrfapp.js
[0mCompiling "resources/public/js/compiled/nrf-app.js" from ["src/cljs-nrf"]...[0m
[32mSuccessfully compiled "resources/public/js/compiled/nrf-app.js" in 0.939 seconds.[0m
notifying browser that file changed:  resources\public\js\compiled\out-nrf\danuraisite\nrfapp.js
[0mCompiling "resources/public/js/compiled/nrf-app.js" from ["src/cljs-nrf"]...[0m
[32mSuccessfully compiled "resources/public/js/compiled/nrf-app.js" in 0.916 seconds.[0m
notifying browser that file changed:  resources\public\js\compiled\out-nrf\danuraisite\nrfapp.js
[0mCompiling "resources/public/js/compiled/nrf-app.js" from ["src/cljs-nrf"]...[0m
[32mSuccessfully compiled "resources/public/js/compiled/nrf-app.js" in 0.813 seconds.[0m
notifying browser that file changed:  resources\public\js\compiled\out-nrf\danuraisite\nrfapp.js
[0mCompiling "resources/public/js/compiled/nrf-app.js" from ["src/cljs-nrf"]...[0m
[32mSuccessfully compiled "resources/public/js/compiled/nrf-app.js" in 0.903 seconds.[0m
notifying browser that file changed:  resources\public\js\compiled\out-nrf\danuraisite\nrfapp.js
[0mCompiling "resources/public/js/compiled/nrf-app.js" from ["src/cljs-nrf"]...[0m
[32mSuccessfully compiled "resources/public/js/compiled/nrf-app.js" in 0.834 seconds.[0m
notifying browser that file changed:  resources\public\js\compiled\out-nrf\danuraisite\nrfapp.js
[0mCompiling "resources/public/js/compiled/nrf-app.js" from ["src/cljs-nrf"]...[0m
[31mFailed to compile "resources/public/js/compiled/nrf-app.js" in 0.38 seconds.[0m
[36m----  Could not Read  src/cljs-nrf/danuraisite/nrfapp.cljs   line:73 ----[0m

  [1mD:\Projects\danuraisite\src\cljs-nrf\danuraisite\nrfapp.cljs [line 73, col 15] Unmatched delimiter ).[0m

  [36m71[0m  [36m                ^{:key (gensym)}[:div.col-4.mb-3[0m
  [36m72[0m  [36m                    [:img.img-fluid {:src (if-let [img (:image_url c)] img (clojure.string/replace imgurltemplate #"\{code\}" (:code c)))}]])][0m
  [33m73[0m  [1m          ]]])))[0m
  [0m  [0m  [33m          D:\Projects\danuraisite\src\cljs-nrf\danuraisite\nrfapp.cljs [line 73, col 15] Unmatched delimiter ).[0m
  [36m74[0m  [36m[0m
  [36m75[0m  [36m(r/render [App] (.getElementById js/document "app"))[0m

[36m----  Reader Error : Please see src/cljs-nrf/danuraisite/nrfapp.cljs  ----[0m
[0mCompiling "resources/public/js/compiled/nrf-app.js" from ["src/cljs-nrf"]...[0m
[32mSuccessfully compiled "resources/public/js/compiled/nrf-app.js" in 0.911 seconds.[0m
notifying browser that file changed:  resources\public\js\compiled\out-nrf\danuraisite\nrfapp.js
[0mCompiling "resources/public/js/compiled/nrf-app.js" from ["src/cljs-nrf"]...[0m
[32mSuccessfully compiled "resources/public/js/compiled/nrf-app.js" in 0.856 seconds.[0m
notifying browser that file changed:  resources\public\js\compiled\out-nrf\danuraisite\nrfapp.js
[0mCompiling "resources/public/js/compiled/nrf-app.js" from ["src/cljs-nrf"]...[0m
[32mSuccessfully compiled "resources/public/js/compiled/nrf-app.js" in 0.886 seconds.[0m
notifying browser that file changed:  resources\public\js\compiled\out-nrf\danuraisite\nrfapp.js
[0mCompiling "resources/public/js/compiled/nrf-app.js" from ["src/cljs-nrf"]...[0m
[32mSuccessfully compiled "resources/public/js/compiled/nrf-app.js" in 0.848 seconds.[0m
notifying browser that file changed:  resources\public\js\compiled\out-nrf\danuraisite\nrfapp.js
[0mCompiling "resources/public/js/compiled/nrf-app.js" from ["src/cljs-nrf"]...[0m
[32mSuccessfully compiled "resources/public/js/compiled/nrf-app.js" in 0.841 seconds.[0m
notifying browser that file changed:  resources\public\js\compiled\out-nrf\danuraisite\nrfapp.js
[0mCompiling "resources/public/js/compiled/nrf-app.js" from ["src/cljs-nrf"]...[0m
[32mSuccessfully compiled "resources/public/js/compiled/nrf-app.js" in 1.14 seconds.[0m
notifying browser that file changed:  resources\public\js\compiled\out-nrf\danuraisite\nrfapp.js
[0mCompiling "resources/public/js/compiled/nrf-app.js" from ["src/cljs-nrf"]...[0m
[32mSuccessfully compiled "resources/public/js/compiled/nrf-app.js" in 0.902 seconds.[0m
notifying browser that file changed:  resources\public\js\compiled\out-nrf\danuraisite\nrfapp.js
[0mCompiling "resources/public/js/compiled/nrf-app.js" from ["src/cljs-nrf"]...[0m
[32mSuccessfully compiled "resources/public/js/compiled/nrf-app.js" in 1.025 seconds.[0m
notifying browser that file changed:  resources\public\js\compiled\out-nrf\danuraisite\nrfapp.js
[0mCompiling "resources/public/js/compiled/nrf-app.js" from ["src/cljs-nrf"]...[0m
[31mFailed to compile "resources/public/js/compiled/nrf-app.js" in 0.378 seconds.[0m
[36m----  Could not Read  src/cljs-nrf/danuraisite/nrfapp.cljs   line:82 ----[0m

  [1mD:\Projects\danuraisite\src\cljs-nrf\danuraisite\nrfapp.cljs [line 82, col 34] Unmatched delimiter }.[0m

  [36m80[0m  [36m                      :class (if (-> @pwned (:name p)) "fa-toggle-on" "fa-toggle-off")[0m
  [36m81[0m  [36m                      :on-click (fn [] (set-item (:code p) )[0m
  [33m82[0m  [1m                      }][0m
  [0m  [0m  [33m                      D:\Projects\danuraisite\src\cljs-nrf\danuraisite\nrfapp.cljs [line 82, col 34] Unmatched delimiter }.[0m
  [36m83[0m  [36m                    ]))])))][0m
  [36m84[0m  [36m  ]][0m
  [36m85[0m  [36m[:div.col-sm-7[0m

[36m----  Reader Error : Please see src/cljs-nrf/danuraisite/nrfapp.cljs  ----[0m
[0mCompiling "resources/public/js/compiled/nrf-app.js" from ["src/cljs-nrf"]...[0m
[32mSuccessfully compiled "resources/public/js/compiled/nrf-app.js" in 0.882 seconds.[0m
notifying browser that file changed:  resources\public\js\compiled\out-nrf\danuraisite\nrfapp.js
[0mCompiling "resources/public/js/compiled/nrf-app.js" from ["src/cljs-nrf"]...[0m
[36m----  Compiler Warning on   src/cljs-nrf/danuraisite/nrfapp.cljs   line:80  column:44  ----[0m

  [1mWrong number of args (2) passed to cljs.core/deref[0m

  [36m76[0m  [36m                  }[0m
  [36m77[0m  [36m                    [:i.icon.icon-subroutine.mr-2] [0m
  [36m78[0m  [36m                    (:name p) rotated_icon[0m
  [36m79[0m  [36m                    [:span.float-right.fas.text-success {[0m
  [33m80[0m  [1m                      :class (if (-> p :name keyword @pwned) "fa-toggle-on" "fa-toggle-off")[0m
  [0m  [0m  [33m                                 ^--- Wrong number of args (2) passed to cljs.core/deref[0m
  [36m81[0m  [36m                      :on-click ()[0m
  [36m82[0m  [36m                      }][0m
  [36m83[0m  [36m                    ]))])))][0m
  [36m84[0m  [36m  ]][0m
  [36m85[0m  [36m[:div.col-sm-7[0m

[36m----  Compiler Warning : Please see src/cljs-nrf/danuraisite/nrfapp.cljs  ----[0m
[36m----  Compiler Warning on   src/cljs-nrf/danuraisite/nrfapp.cljs   line:80  column:44  ----[0m

  [1mWrong number of args (2) passed to cljs.core/deref[0m

  [36m76[0m  [36m                  }[0m
  [36m77[0m  [36m                    [:i.icon.icon-subroutine.mr-2] [0m
  [36m78[0m  [36m                    (:name p) rotated_icon[0m
  [36m79[0m  [36m                    [:span.float-right.fas.text-success {[0m
  [33m80[0m  [1m                      :class (if (-> p :name keyword @pwned) "fa-toggle-on" "fa-toggle-off")[0m
  [0m  [0m  [33m                                 ^--- Wrong number of args (2) passed to cljs.core/deref[0m
  [36m81[0m  [36m                      :on-click ()[0m
  [36m82[0m  [36m                      }][0m
  [36m83[0m  [36m                    ]))])))][0m
  [36m84[0m  [36m  ]][0m
  [36m85[0m  [36m[:div.col-sm-7[0m

[36m----  Compiler Warning : Please see src/cljs-nrf/danuraisite/nrfapp.cljs  ----[0m
[36m----  Compiler Warning on   src/cljs-nrf/danuraisite/nrfapp.cljs   line:80  column:44  ----[0m

  [1mWrong number of args (2) passed to cljs.core/deref[0m

  [36m76[0m  [36m                  }[0m
  [36m77[0m  [36m                    [:i.icon.icon-subroutine.mr-2] [0m
  [36m78[0m  [36m                    (:name p) rotated_icon[0m
  [36m79[0m  [36m                    [:span.float-right.fas.text-success {[0m
  [33m80[0m  [1m                      :class (if (-> p :name keyword @pwned) "fa-toggle-on" "fa-toggle-off")[0m
  [0m  [0m  [33m                                 ^--- Wrong number of args (2) passed to cljs.core/deref[0m
  [36m81[0m  [36m                      :on-click ()[0m
  [36m82[0m  [36m                      }][0m
  [36m83[0m  [36m                    ]))])))][0m
  [36m84[0m  [36m  ]][0m
  [36m85[0m  [36m[:div.col-sm-7[0m

[36m----  Compiler Warning : Please see src/cljs-nrf/danuraisite/nrfapp.cljs  ----[0m
[36m----  Compiler Warning on   src/cljs-nrf/danuraisite/nrfapp.cljs   line:80  column:44  ----[0m

  [1mWrong number of args (2) passed to cljs.core/deref[0m

  [36m76[0m  [36m                  }[0m
  [36m77[0m  [36m                    [:i.icon.icon-subroutine.mr-2] [0m
  [36m78[0m  [36m                    (:name p) rotated_icon[0m
  [36m79[0m  [36m                    [:span.float-right.fas.text-success {[0m
  [33m80[0m  [1m                      :class (if (-> p :name keyword @pwned) "fa-toggle-on" "fa-toggle-off")[0m
  [0m  [0m  [33m                                 ^--- Wrong number of args (2) passed to cljs.core/deref[0m
  [36m81[0m  [36m                      :on-click ()[0m
  [36m82[0m  [36m                      }][0m
  [36m83[0m  [36m                    ]))])))][0m
  [36m84[0m  [36m  ]][0m
  [36m85[0m  [36m[:div.col-sm-7[0m

[36m----  Compiler Warning : Please see src/cljs-nrf/danuraisite/nrfapp.cljs  ----[0m
[32mSuccessfully compiled "resources/public/js/compiled/nrf-app.js" in 1.002 seconds.[0m
notifying browser that file changed:  resources\public\js\compiled\out-nrf\danuraisite\nrfapp.js
[0mCompiling "resources/public/js/compiled/nrf-app.js" from ["src/cljs-nrf"]...[0m
[32mSuccessfully compiled "resources/public/js/compiled/nrf-app.js" in 0.832 seconds.[0m
notifying browser that file changed:  resources\public\js\compiled\out-nrf\danuraisite\nrfapp.js
[0mCompiling "resources/public/js/compiled/nrf-app.js" from ["src/cljs-nrf"]...[0m
[32mSuccessfully compiled "resources/public/js/compiled/nrf-app.js" in 0.824 seconds.[0m
notifying browser that file changed:  resources\public\js\compiled\out-nrf\danuraisite\nrfapp.js
[0mCompiling "resources/public/js/compiled/nrf-app.js" from ["src/cljs-nrf"]...[0m
[32mSuccessfully compiled "resources/public/js/compiled/nrf-app.js" in 1.107 seconds.[0m
notifying browser that file changed:  resources\public\js\compiled\out-nrf\danuraisite\nrfapp.js
[0mCompiling "resources/public/js/compiled/nrf-app.js" from ["src/cljs-nrf"]...[0m
[32mSuccessfully compiled "resources/public/js/compiled/nrf-app.js" in 0.877 seconds.[0m
notifying browser that file changed:  resources\public\js\compiled\out-nrf\danuraisite\nrfapp.js
[0mCompiling "resources/public/js/compiled/nrf-app.js" from ["src/cljs-nrf"]...[0m
[32mSuccessfully compiled "resources/public/js/compiled/nrf-app.js" in 0.843 seconds.[0m
notifying browser that file changed:  resources\public\js\compiled\out-nrf\danuraisite\nrfapp.js
[0mCompiling "resources/public/js/compiled/nrf-app.js" from ["src/cljs-nrf"]...[0m
[32mSuccessfully compiled "resources/public/js/compiled/nrf-app.js" in 0.87 seconds.[0m
notifying browser that file changed:  resources\public\js\compiled\out-nrf\danuraisite\nrfapp.js
[0mCompiling "resources/public/js/compiled/nrf-app.js" from ["src/cljs-nrf"]...[0m
[31mFailed to compile "resources/public/js/compiled/nrf-app.js" in 0.395 seconds.[0m
[36m----  Could not Compile  src/cljs-nrf/danuraisite/nrfapp.cljs  ----[0m

  [1mfailed compiling file:src\cljs-nrf\danuraisite\nrfapp.cljs[0m

[36m----  Compiler Error : Please see src/cljs-nrf/danuraisite/nrfapp.cljs  ----[0m
[0mCompiling "resources/public/js/compiled/nrf-app.js" from ["src/cljs-nrf"]...[0m
[31mFailed to compile "resources/public/js/compiled/nrf-app.js" in 0.367 seconds.[0m
[36m----  Could not Compile  src/cljs-nrf/danuraisite/nrfapp.cljs  ----[0m

  [1mfailed compiling file:src\cljs-nrf\danuraisite\nrfapp.cljs[0m

[36m----  Compiler Error : Please see src/cljs-nrf/danuraisite/nrfapp.cljs  ----[0m
[0mCompiling "resources/public/js/compiled/nrf-app.js" from ["src/cljs-nrf"]...[0m
[31mFailed to compile "resources/public/js/compiled/nrf-app.js" in 0.416 seconds.[0m
[36m----  Could not Compile  src/cljs-nrf/danuraisite/nrfapp.cljs  ----[0m

  [1mfailed compiling file:src\cljs-nrf\danuraisite\nrfapp.cljs[0m

[36m----  Compiler Error : Please see src/cljs-nrf/danuraisite/nrfapp.cljs  ----[0m
[0mCompiling "resources/public/js/compiled/nrf-app.js" from ["src/cljs-nrf"]...[0m
[32mSuccessfully compiled "resources/public/js/compiled/nrf-app.js" in 0.904 seconds.[0m
notifying browser that file changed:  resources\public\js\compiled\out-nrf\danuraisite\nrfapp.js
[0mCompiling "resources/public/js/compiled/nrf-app.js" from ["src/cljs-nrf"]...[0m
[32mSuccessfully compiled "resources/public/js/compiled/nrf-app.js" in 1.389 seconds.[0m
notifying browser that file changed:  resources\public\js\compiled\out-nrf\danuraisite\nrfapp.js
[0mCompiling "resources/public/js/compiled/nrf-app.js" from ["src/cljs-nrf"]...[0m
[32mSuccessfully compiled "resources/public/js/compiled/nrf-app.js" in 0.91 seconds.[0m
notifying browser that file changed:  resources\public\js\compiled\out-nrf\danuraisite\nrfapp.js
[0mCompiling "resources/public/js/compiled/nrf-app.js" from ["src/cljs-nrf"]...[0m
[32mSuccessfully compiled "resources/public/js/compiled/nrf-app.js" in 0.932 seconds.[0m
notifying browser that file changed:  resources\public\js\compiled\out-nrf\danuraisite\nrfapp.js
[0mCompiling "resources/public/js/compiled/nrf-app.js" from ["src/cljs-nrf"]...[0m
[32mSuccessfully compiled "resources/public/js/compiled/nrf-app.js" in 0.828 seconds.[0m
notifying browser that file changed:  resources\public\js\compiled\out-nrf\danuraisite\nrfapp.js
[0mCompiling "resources/public/js/compiled/nrf-app.js" from ["src/cljs-nrf"]...[0m
[32mSuccessfully compiled "resources/public/js/compiled/nrf-app.js" in 0.871 seconds.[0m
notifying browser that file changed:  resources\public\js\compiled\out-nrf\danuraisite\nrfapp.js
[0mCompiling "resources/public/js/compiled/nrf-app.js" from ["src/cljs-nrf"]...[0m
[32mSuccessfully compiled "resources/public/js/compiled/nrf-app.js" in 0.844 seconds.[0m
notifying browser that file changed:  resources\public\js\compiled\out-nrf\danuraisite\nrfapp.js
[0mCompiling "resources/public/js/compiled/nrf-app.js" from ["src/cljs-nrf"]...[0m
[32mSuccessfully compiled "resources/public/js/compiled/nrf-app.js" in 0.874 seconds.[0m
notifying browser that file changed:  resources\public\js\compiled\out-nrf\danuraisite\nrfapp.js
[0mCompiling "resources/public/js/compiled/nrf-app.js" from ["src/cljs-nrf"]...[0m
[32mSuccessfully compiled "resources/public/js/compiled/nrf-app.js" in 0.937 seconds.[0m
notifying browser that file changed:  resources\public\js\compiled\out-nrf\danuraisite\nrfapp.js
[0mCompiling "resources/public/js/compiled/nrf-app.js" from ["src/cljs-nrf"]...[0m
[32mSuccessfully compiled "resources/public/js/compiled/nrf-app.js" in 0.859 seconds.[0m
notifying browser that file changed:  resources\public\js\compiled\out-nrf\danuraisite\nrfapp.js
[0mCompiling "resources/public/js/compiled/nrf-app.js" from ["src/cljs-nrf"]...[0m
[32mSuccessfully compiled "resources/public/js/compiled/nrf-app.js" in 1.367 seconds.[0m
notifying browser that file changed:  resources\public\js\compiled\out-nrf\danuraisite\nrfapp.js
[0mCompiling "resources/public/js/compiled/nrf-app.js" from ["src/cljs-nrf"]...[0m
[31mFailed to compile "resources/public/js/compiled/nrf-app.js" in 0.37 seconds.[0m
[36m----  Could not Read  src/cljs-nrf/danuraisite/nrfapp.cljs   line:90 ----[0m

  [1mD:\Projects\danuraisite\src\cljs-nrf\danuraisite\nrfapp.cljs [line 90, col 35] Unmatched delimiter ].[0m

  [36m88[0m  [36m                      :class (if ((-> p :code keyword) @pwned) "fa-toggle-on" "fa-toggle-off")[0m
  [36m89[0m  [36m                      }][0m
  [33m90[0m  [1m                    ]))])))][0m
  [0m  [0m  [33m                    D:\Projects\danuraisite\src\cljs-nrf\danuraisite\nrfapp.cljs [line 90, col 35] Unmatched delimiter ].[0m
  [36m91[0m  [36m  ]][0m
  [36m92[0m  [36m[:div.col-sm-7[0m
  [36m93[0m  [36m  [:div.row.mb-3[0m

[36m----  Reader Error : Please see src/cljs-nrf/danuraisite/nrfapp.cljs  ----[0m
[0mCompiling "resources/public/js/compiled/nrf-app.js" from ["src/cljs-nrf"]...[0m
[32mSuccessfully compiled "resources/public/js/compiled/nrf-app.js" in 0.895 seconds.[0m
notifying browser that file changed:  resources\public\js\compiled\out-nrf\danuraisite\nrfapp.js
[0mCompiling "resources/public/js/compiled/nrf-app.js" from ["src/cljs-nrf"]...[0m
[32mSuccessfully compiled "resources/public/js/compiled/nrf-app.js" in 1.16 seconds.[0m
notifying browser that file changed:  resources\public\js\compiled\out-nrf\danuraisite\nrfapp.js
[0mCompiling "resources/public/js/compiled/nrf-app.js" from ["src/cljs-nrf"]...[0m
[32mSuccessfully compiled "resources/public/js/compiled/nrf-app.js" in 0.856 seconds.[0m
notifying browser that file changed:  resources\public\js\compiled\out-nrf\danuraisite\nrfapp.js
[0mCompiling "resources/public/js/compiled/nrf-app.js" from ["src/cljs-nrf"]...[0m
[32mSuccessfully compiled "resources/public/js/compiled/nrf-app.js" in 1.027 seconds.[0m
notifying browser that file changed:  resources\public\js\compiled\out-nrf\danuraisite\nrfapp.js
[0mCompiling "resources/public/js/compiled/nrf-app.js" from ["src/cljs-nrf"]...[0m
[32mSuccessfully compiled "resources/public/js/compiled/nrf-app.js" in 0.854 seconds.[0m
notifying browser that file changed:  resources\public\js\compiled\out-nrf\danuraisite\nrfapp.js
[0mCompiling "resources/public/js/compiled/nrf-app.js" from ["src/cljs-nrf"]...[0m
[32mSuccessfully compiled "resources/public/js/compiled/nrf-app.js" in 0.873 seconds.[0m
notifying browser that file changed:  resources\public\js\compiled\out-nrf\danuraisite\nrfapp.js
[0mCompiling "resources/public/js/compiled/nrf-app.js" from ["src/cljs-nrf"]...[0m
[32mSuccessfully compiled "resources/public/js/compiled/nrf-app.js" in 0.852 seconds.[0m
notifying browser that file changed:  resources\public\js\compiled\out-nrf\danuraisite\nrfapp.js
[0mCompiling "resources/public/js/compiled/nrf-app.js" from ["src/cljs-nrf"]...[0m
[32mSuccessfully compiled "resources/public/js/compiled/nrf-app.js" in 0.895 seconds.[0m
notifying browser that file changed:  resources\public\js\compiled\out-nrf\danuraisite\nrfapp.js
[0mCompiling "resources/public/js/compiled/nrf-app.js" from ["src/cljs-nrf"]...[0m
[32mSuccessfully compiled "resources/public/js/compiled/nrf-app.js" in 0.897 seconds.[0m
notifying browser that file changed:  resources\public\js\compiled\out-nrf\danuraisite\nrfapp.js
[0mCompiling "resources/public/js/compiled/nrf-app.js" from ["src/cljs-nrf"]...[0m
[32mSuccessfully compiled "resources/public/js/compiled/nrf-app.js" in 0.848 seconds.[0m
notifying browser that file changed:  resources\public\js\compiled\out-nrf\danuraisite\nrfapp.js
[0mCompiling "resources/public/js/compiled/nrf-app.js" from ["src/cljs-nrf"]...[0m
[32mSuccessfully compiled "resources/public/js/compiled/nrf-app.js" in 0.901 seconds.[0m
notifying browser that file changed:  resources\public\js\compiled\out-nrf\danuraisite\nrfapp.js
[0mCompiling "resources/public/js/compiled/nrf-app.js" from ["src/cljs-nrf"]...[0m
[32mSuccessfully compiled "resources/public/js/compiled/nrf-app.js" in 0.864 seconds.[0m
notifying browser that file changed:  resources\public\js\compiled\out-nrf\danuraisite\nrfapp.js
[0mCompiling "resources/public/js/compiled/nrf-app.js" from ["src/cljs-nrf"]...[0m
[32mSuccessfully compiled "resources/public/js/compiled/nrf-app.js" in 0.908 seconds.[0m
notifying browser that file changed:  resources\public\js\compiled\out-nrf\danuraisite\nrfapp.js
[0mCompiling "resources/public/js/compiled/nrf-app.js" from ["src/cljs-nrf"]...[0m
[32mSuccessfully compiled "resources/public/js/compiled/nrf-app.js" in 0.933 seconds.[0m
notifying browser that file changed:  resources\public\js\compiled\out-nrf\danuraisite\nrfapp.js
[0mCompiling "resources/public/js/compiled/nrf-app.js" from ["src/cljs-nrf"]...[0m
[32mSuccessfully compiled "resources/public/js/compiled/nrf-app.js" in 0.955 seconds.[0m
notifying browser that file changed:  resources\public\js\compiled\out-nrf\danuraisite\nrfapp.js
[0mCompiling "resources/public/js/compiled/nrf-app.js" from ["src/cljs-nrf"]...[0m
[32mSuccessfully compiled "resources/public/js/compiled/nrf-app.js" in 0.897 seconds.[0m
notifying browser that file changed:  resources\public\js\compiled\out-nrf\danuraisite\nrfapp.js
[0mCompiling "resources/public/js/compiled/nrf-app.js" from ["src/cljs-nrf"]...[0m
[32mSuccessfully compiled "resources/public/js/compiled/nrf-app.js" in 0.851 seconds.[0m
notifying browser that file changed:  resources\public\js\compiled\out-nrf\danuraisite\nrfapp.js
[0mCompiling "resources/public/js/compiled/nrf-app.js" from ["src/cljs-nrf"]...[0m
[32mSuccessfully compiled "resources/public/js/compiled/nrf-app.js" in 0.92 seconds.[0m
notifying browser that file changed:  resources\public\js\compiled\out-nrf\danuraisite\nrfapp.js
[0mCompiling "resources/public/js/compiled/nrf-app.js" from ["src/cljs-nrf"]...[0m
[32mSuccessfully compiled "resources/public/js/compiled/nrf-app.js" in 0.825 seconds.[0m
notifying browser that file changed:  resources\public\js\compiled\out-nrf\danuraisite\nrfapp.js
[0mCompiling "resources/public/js/compiled/nrf-app.js" from ["src/cljs-nrf"]...[0m
[32mSuccessfully compiled "resources/public/js/compiled/nrf-app.js" in 1.021 seconds.[0m
notifying browser that file changed:  resources\public\js\compiled\out-nrf\danuraisite\nrfapp.js
[0mCompiling "resources/public/js/compiled/nrf-app.js" from ["src/cljs-nrf"]...[0m
[32mSuccessfully compiled "resources/public/js/compiled/nrf-app.js" in 0.849 seconds.[0m
notifying browser that file changed:  resources\public\js\compiled\out-nrf\danuraisite\nrfapp.js
[0mCompiling "resources/public/js/compiled/nrf-app.js" from ["src/cljs-nrf"]...[0m
[32mSuccessfully compiled "resources/public/js/compiled/nrf-app.js" in 0.897 seconds.[0m
notifying browser that file changed:  resources\public\js\compiled\out-nrf\danuraisite\nrfapp.js
[0mCompiling "resources/public/js/compiled/nrf-app.js" from ["src/cljs-nrf"]...[0m
[36m----  Compiler Warning on   src/cljs-nrf/danuraisite/nrfapp.cljs   line:46  column:8  ----[0m

  [1mUse of undeclared Var danuraisite.nrfapp/pkey[0m

  [36m42[0m  [36m      (filter #(= (:cycle_code %) cycle_code))[0m
  [36m43[0m  [36m      (sort-by :position)))[0m
  [36m44[0m  [36m      [0m
  [36m45[0m  [36m(defn- toggle-pwned [ pwned pcode ][0m
  [33m46[0m  [1m  (if (pkey @pwned)[0m
  [0m  [0m  [33m       ^--- Use of undeclared Var danuraisite.nrfapp/pkey[0m
  [36m47[0m  [36m      (swap! pwned disj pcode)[0m
  [36m48[0m  [36m      (swap! pwned conj pcode))))[0m
  [36m49[0m  [36m      [0m
  [36m50[0m  [36m(defn App [][0m
  [36m51[0m  [36m  (let [pageno (r/atom 1)[0m

[36m----  Compiler Warning : Please see src/cljs-nrf/danuraisite/nrfapp.cljs  ----[0m
[31mFailed to compile "resources/public/js/compiled/nrf-app.js" in 0.407 seconds.[0m
[36m----  Could not Read  src/cljs-nrf/danuraisite/nrfapp.cljs   line:48 ----[0m

  [1mD:\Projects\danuraisite\src\cljs-nrf\danuraisite\nrfapp.cljs [line 48, col 34] Unmatched delimiter ).[0m

  [36m46[0m  [36m  (if (pkey @pwned)[0m
  [36m47[0m  [36m      (swap! pwned disj pcode)[0m
  [33m48[0m  [1m      (swap! pwned conj pcode))))[0m
  [0m  [0m  [33m      D:\Projects\danuraisite\src\cljs-nrf\danuraisite\nrfapp.cljs [line 48, col 34] Unmatched delimiter ).[0m
  [36m49[0m  [36m      [0m
  [36m50[0m  [36m(defn App [][0m
  [36m51[0m  [36m  (let [pageno (r/atom 1)[0m

[36m----  Reader Error : Please see src/cljs-nrf/danuraisite/nrfapp.cljs  ----[0m
[0mCompiling "resources/public/js/compiled/nrf-app.js" from ["src/cljs-nrf"]...[0m
[36m----  Compiler Warning on   src/cljs-nrf/danuraisite/nrfapp.cljs   line:46  column:8  ----[0m

  [1mUse of undeclared Var danuraisite.nrfapp/pkey[0m

  [36m42[0m  [36m      (filter #(= (:cycle_code %) cycle_code))[0m
  [36m43[0m  [36m      (sort-by :position)))[0m
  [36m44[0m  [36m      [0m
  [36m45[0m  [36m(defn- toggle-pwned [ pwned pcode ][0m
  [33m46[0m  [1m  (if (pkey @pwned)[0m
  [0m  [0m  [33m       ^--- Use of undeclared Var danuraisite.nrfapp/pkey[0m
  [36m47[0m  [36m      (swap! pwned disj pcode)[0m
  [36m48[0m  [36m      (swap! pwned conj pcode)))[0m
  [36m49[0m  [36m      [0m
  [36m50[0m  [36m(defn App [][0m
  [36m51[0m  [36m  (let [pageno (r/atom 1)[0m

[36m----  Compiler Warning : Please see src/cljs-nrf/danuraisite/nrfapp.cljs  ----[0m
[32mSuccessfully compiled "resources/public/js/compiled/nrf-app.js" in 0.99 seconds.[0m
notifying browser that file changed:  resources\public\js\compiled\out-nrf\danuraisite\nrfapp.js
[0mCompiling "resources/public/js/compiled/nrf-app.js" from ["src/cljs-nrf"]...[0m
[32mSuccessfully compiled "resources/public/js/compiled/nrf-app.js" in 0.76 seconds.[0m
notifying browser that file changed:  resources\public\js\compiled\out-nrf\danuraisite\nrfapp.js
[0mCompiling "resources/public/js/compiled/nrf-app.js" from ["src/cljs-nrf"]...[0m
[36m----  Compiler Warning on   src/cljs-nrf/danuraisite/nrfapp.cljs   line:46  column:8  ----[0m

  [1mUse of undeclared Var danuraisite.nrfapp/pkey[0m

  [36m42[0m  [36m      (filter #(= (:cycle_code %) cycle_code))[0m
  [36m43[0m  [36m      (sort-by :position)))[0m
  [36m44[0m  [36m      [0m
  [36m45[0m  [36m(defn- toggle-pwned [ pwned pcode ][0m
  [33m46[0m  [1m  (if (pkey @pwned)[0m
  [0m  [0m  [33m       ^--- Use of undeclared Var danuraisite.nrfapp/pkey[0m
  [36m47[0m  [36m      (swap! pwned disj pcode)[0m
  [36m48[0m  [36m      (swap! pwned conj pcode)))[0m
  [36m49[0m  [36m      [0m
  [36m50[0m  [36m(defn App [][0m
  [36m51[0m  [36m  (let [pageno (r/atom 1)[0m

[36m----  Compiler Warning : Please see src/cljs-nrf/danuraisite/nrfapp.cljs  ----[0m
[32mSuccessfully compiled "resources/public/js/compiled/nrf-app.js" in 0.984 seconds.[0m
notifying browser that file changed:  resources\public\js\compiled\out-nrf\danuraisite\nrfapp.js
[0mCompiling "resources/public/js/compiled/nrf-app.js" from ["src/cljs-nrf"]...[0m
[32mSuccessfully compiled "resources/public/js/compiled/nrf-app.js" in 0.836 seconds.[0m
notifying browser that file changed:  resources\public\js\compiled\out-nrf\danuraisite\nrfapp.js
[0mCompiling "resources/public/js/compiled/nrf-app.js" from ["src/cljs-nrf"]...[0m
[32mSuccessfully compiled "resources/public/js/compiled/nrf-app.js" in 0.895 seconds.[0m
notifying browser that file changed:  resources\public\js\compiled\out-nrf\danuraisite\nrfapp.js
[0mCompiling "resources/public/js/compiled/nrf-app.js" from ["src/cljs-nrf"]...[0m
[32mSuccessfully compiled "resources/public/js/compiled/nrf-app.js" in 0.826 seconds.[0m
notifying browser that file changed:  resources\public\js\compiled\out-nrf\danuraisite\nrfapp.js
[0mCompiling "resources/public/js/compiled/nrf-app.js" from ["src/cljs-nrf"]...[0m
[32mSuccessfully compiled "resources/public/js/compiled/nrf-app.js" in 0.885 seconds.[0m
notifying browser that file changed:  resources\public\js\compiled\out-nrf\danuraisite\nrfapp.js
[0mCompiling "resources/public/js/compiled/nrf-app.js" from ["src/cljs-nrf"]...[0m
[32mSuccessfully compiled "resources/public/js/compiled/nrf-app.js" in 0.868 seconds.[0m
notifying browser that file changed:  resources\public\js\compiled\out-nrf\danuraisite\nrfapp.js
[0mCompiling "resources/public/js/compiled/nrf-app.js" from ["src/cljs-nrf"]...[0m
[32mSuccessfully compiled "resources/public/js/compiled/nrf-app.js" in 0.864 seconds.[0m
notifying browser that file changed:  resources\public\js\compiled\out-nrf\danuraisite\nrfapp.js
[0mCompiling "resources/public/js/compiled/nrf-app.js" from ["src/cljs-nrf"]...[0m
[32mSuccessfully compiled "resources/public/js/compiled/nrf-app.js" in 0.861 seconds.[0m
notifying browser that file changed:  resources\public\js\compiled\out-nrf\danuraisite\nrfapp.js
[0mCompiling "resources/public/js/compiled/nrf-app.js" from ["src/cljs-nrf"]...[0m
[32mSuccessfully compiled "resources/public/js/compiled/nrf-app.js" in 0.837 seconds.[0m
notifying browser that file changed:  resources\public\js\compiled\out-nrf\danuraisite\nrfapp.js
[0mCompiling "resources/public/js/compiled/nrf-app.js" from ["src/cljs-nrf"]...[0m
[32mSuccessfully compiled "resources/public/js/compiled/nrf-app.js" in 0.881 seconds.[0m
notifying browser that file changed:  resources\public\js\compiled\out-nrf\danuraisite\nrfapp.js
[0mCompiling "resources/public/js/compiled/nrf-app.js" from ["src/cljs-nrf"]...[0m
[32mSuccessfully compiled "resources/public/js/compiled/nrf-app.js" in 0.839 seconds.[0m
notifying browser that file changed:  resources\public\js\compiled\out-nrf\danuraisite\nrfapp.js
[0mCompiling "resources/public/js/compiled/nrf-app.js" from ["src/cljs-nrf"]...[0m
[32mSuccessfully compiled "resources/public/js/compiled/nrf-app.js" in 0.884 seconds.[0m
notifying browser that file changed:  resources\public\js\compiled\out-nrf\danuraisite\nrfapp.js
[0mCompiling "resources/public/js/compiled/nrf-app.js" from ["src/cljs-nrf"]...[0m
[32mSuccessfully compiled "resources/public/js/compiled/nrf-app.js" in 0.894 seconds.[0m
notifying browser that file changed:  resources\public\js\compiled\out-nrf\danuraisite\nrfapp.js
[0mCompiling "resources/public/js/compiled/nrf-app.js" from ["src/cljs-nrf"]...[0m
[32mSuccessfully compiled "resources/public/js/compiled/nrf-app.js" in 0.831 seconds.[0m
notifying browser that file changed:  resources\public\js\compiled\out-nrf\danuraisite\nrfapp.js
[0mCompiling "resources/public/js/compiled/nrf-app.js" from ["src/cljs-nrf"]...[0m
[32mSuccessfully compiled "resources/public/js/compiled/nrf-app.js" in 0.888 seconds.[0m
notifying browser that file changed:  resources\public\js\compiled\out-nrf\danuraisite\nrfapp.js
[0mCompiling "resources/public/js/compiled/nrf-app.js" from ["src/cljs-nrf"]...[0m
[36m----  Compiler Warning on   src/cljs-nrf/danuraisite/nrfapp.cljs   line:52  column:37  ----[0m

  [1mUse of undeclared Var danuraisite.nrfapp/factiom[0m

  [36m48[0m  [36m      (swap! pwned conj pcode)))[0m
  [36m49[0m  [36m      [0m
  [36m50[0m  [36m(defn- buildpages [ packs faction cards ][0m
  [36m51[0m  [36m  (->> cards[0m
  [33m52[0m  [1m      (filter #(= (:faction_code %) factiom))[0m
  [0m  [0m  [33m                                    ^--- Use of undeclared Var danuraisite.nrfapp/factiom[0m
  [36m53[0m  [36m      (filter #(contains? packs (:pack_code %)))))[0m
  [36m54[0m  [36m      [0m
  [36m55[0m  [36m(defn App [][0m
  [36m56[0m  [36m  (let [pageno (r/atom 1)[0m
  [36m57[0m  [36m       pwned  (r/atom #{"core"})[0m

[36m----  Compiler Warning : Please see src/cljs-nrf/danuraisite/nrfapp.cljs  ----[0m
[32mSuccessfully compiled "resources/public/js/compiled/nrf-app.js" in 1.037 seconds.[0m
notifying browser that file changed:  resources\public\js\compiled\out-nrf\danuraisite\nrfapp.js
[0mCompiling "resources/public/js/compiled/nrf-app.js" from ["src/cljs-nrf"]...[0m
[32mSuccessfully compiled "resources/public/js/compiled/nrf-app.js" in 0.846 seconds.[0m
notifying browser that file changed:  resources\public\js\compiled\out-nrf\danuraisite\nrfapp.js
[0mCompiling "resources/public/js/compiled/nrf-app.js" from ["src/cljs-nrf"]...[0m
[36m----  Compiler Warning on   src/cljs-nrf/danuraisite/nrfapp.cljs   line:25  column:11  ----[0m

  [1mUse of undeclared Var danuraisite.nrfapp/colours[0m

  [36m21[0m  [36m(reset! cycles   (-> (<! (http/get "/netrunner/api/cycles"))  :body :data))[0m
  [36m22[0m  [36m(reset! packs    (-> (<! (http/get "/netrunner/api/packs"))   :body :data))[0m
  [36m23[0m  [36m(reset! cardlist (-> (<! (http/get "/netrunner/api/cards"))   :body :data))[0m
  [36m24[0m  [36m(reset! factions (-> (<! (http/get "/netrunner/api/factions")) :body :data))[0m
  [33m25[0m  [1m(reset! colours [0m
  [0m  [0m  [33m        ^--- Use of undeclared Var danuraisite.nrfapp/colours[0m
  [36m26[0m  [36m  (apply merge [0m
  [36m27[0m  [36m    (map [0m
  [36m28[0m  [36m      #(hash-map (:code %) (str "#" (:color %))) [0m
  [36m29[0m  [36m      (-> (<! (http/get "/netrunner/api/factions")) :body :data)))))[0m

[36m----  Compiler Warning : Please see src/cljs-nrf/danuraisite/nrfapp.cljs  ----[0m
[32mSuccessfully compiled "resources/public/js/compiled/nrf-app.js" in 0.945 seconds.[0m
notifying browser that file changed:  resources\public\js\compiled\out-nrf\danuraisite\nrfapp.js
[0mCompiling "resources/public/js/compiled/nrf-app.js" from ["src/cljs-nrf"]...[0m
[32mSuccessfully compiled "resources/public/js/compiled/nrf-app.js" in 0.9 seconds.[0m
notifying browser that file changed:  resources\public\js\compiled\out-nrf\danuraisite\nrfapp.js
[0mCompiling "resources/public/js/compiled/nrf-app.js" from ["src/cljs-nrf"]...[0m
[32mSuccessfully compiled "resources/public/js/compiled/nrf-app.js" in 1.141 seconds.[0m
notifying browser that file changed:  resources\public\js\compiled\out-nrf\danuraisite\nrfapp.js
[0mCompiling "resources/public/js/compiled/nrf-app.js" from ["src/cljs-nrf"]...[0m
[32mSuccessfully compiled "resources/public/js/compiled/nrf-app.js" in 0.878 seconds.[0m
notifying browser that file changed:  resources\public\js\compiled\out-nrf\danuraisite\nrfapp.js
[0mCompiling "resources/public/js/compiled/nrf-app.js" from ["src/cljs-nrf"]...[0m
[32mSuccessfully compiled "resources/public/js/compiled/nrf-app.js" in 0.924 seconds.[0m
notifying browser that file changed:  resources\public\js\compiled\out-nrf\danuraisite\nrfapp.js
[0mCompiling "resources/public/js/compiled/nrf-app.js" from ["src/cljs-nrf"]...[0m
[32mSuccessfully compiled "resources/public/js/compiled/nrf-app.js" in 0.879 seconds.[0m
notifying browser that file changed:  resources\public\js\compiled\out-nrf\danuraisite\nrfapp.js
[0mCompiling "resources/public/js/compiled/nrf-app.js" from ["src/cljs-nrf"]...[0m
[32mSuccessfully compiled "resources/public/js/compiled/nrf-app.js" in 0.936 seconds.[0m
notifying browser that file changed:  resources\public\js\compiled\out-nrf\danuraisite\nrfapp.js
[0mCompiling "resources/public/js/compiled/nrf-app.js" from ["src/cljs-nrf"]...[0m
[32mSuccessfully compiled "resources/public/js/compiled/nrf-app.js" in 0.921 seconds.[0m
notifying browser that file changed:  resources\public\js\compiled\out-nrf\danuraisite\nrfapp.js
[0mCompiling "resources/public/js/compiled/nrf-app.js" from ["src/cljs-nrf"]...[0m
[32mSuccessfully compiled "resources/public/js/compiled/nrf-app.js" in 1.049 seconds.[0m
notifying browser that file changed:  resources\public\js\compiled\out-nrf\danuraisite\nrfapp.js
[0mCompiling "resources/public/js/compiled/nrf-app.js" from ["src/cljs-nrf"]...[0m
[32mSuccessfully compiled "resources/public/js/compiled/nrf-app.js" in 0.957 seconds.[0m
notifying browser that file changed:  resources\public\js\compiled\out-nrf\danuraisite\nrfapp.js
[0mCompiling "resources/public/js/compiled/nrf-app.js" from ["src/cljs-nrf"]...[0m
[32mSuccessfully compiled "resources/public/js/compiled/nrf-app.js" in 0.901 seconds.[0m
notifying browser that file changed:  resources\public\js\compiled\out-nrf\danuraisite\nrfapp.js
[0mCompiling "resources/public/js/compiled/nrf-app.js" from ["src/cljs-nrf"]...[0m
[32mSuccessfully compiled "resources/public/js/compiled/nrf-app.js" in 0.881 seconds.[0m
notifying browser that file changed:  resources\public\js\compiled\out-nrf\danuraisite\nrfapp.js
[0mCompiling "resources/public/js/compiled/nrf-app.js" from ["src/cljs-nrf"]...[0m
[32mSuccessfully compiled "resources/public/js/compiled/nrf-app.js" in 0.925 seconds.[0m
notifying browser that file changed:  resources\public\js\compiled\out-nrf\danuraisite\nrfapp.js
[0mCompiling "resources/public/js/compiled/nrf-app.js" from ["src/cljs-nrf"]...[0m
[32mSuccessfully compiled "resources/public/js/compiled/nrf-app.js" in 0.872 seconds.[0m
notifying browser that file changed:  resources\public\js\compiled\out-nrf\danuraisite\nrfapp.js
[0mCompiling "resources/public/js/compiled/nrf-app.js" from ["src/cljs-nrf"]...[0m
[32mSuccessfully compiled "resources/public/js/compiled/nrf-app.js" in 0.964 seconds.[0m
notifying browser that file changed:  resources\public\js\compiled\out-nrf\danuraisite\nrfapp.js
[0mCompiling "resources/public/js/compiled/nrf-app.js" from ["src/cljs-nrf"]...[0m
[32mSuccessfully compiled "resources/public/js/compiled/nrf-app.js" in 0.881 seconds.[0m
notifying browser that file changed:  resources\public\js\compiled\out-nrf\danuraisite\nrfapp.js
[0mCompiling "resources/public/js/compiled/nrf-app.js" from ["src/cljs-nrf"]...[0m
[32mSuccessfully compiled "resources/public/js/compiled/nrf-app.js" in 0.941 seconds.[0m
notifying browser that file changed:  resources\public\js\compiled\out-nrf\danuraisite\nrfapp.js
[0mCompiling "resources/public/js/compiled/nrf-app.js" from ["src/cljs-nrf"]...[0m
[32mSuccessfully compiled "resources/public/js/compiled/nrf-app.js" in 0.88 seconds.[0m
notifying browser that file changed:  resources\public\js\compiled\out-nrf\danuraisite\nrfapp.js
[0mCompiling "resources/public/js/compiled/nrf-app.js" from ["src/cljs-nrf"]...[0m
[32mSuccessfully compiled "resources/public/js/compiled/nrf-app.js" in 0.997 seconds.[0m
notifying browser that file changed:  resources\public\js\compiled\out-nrf\danuraisite\nrfapp.js
[0mCompiling "resources/public/js/compiled/nrf-app.js" from ["src/cljs-nrf"]...[0m
[32mSuccessfully compiled "resources/public/js/compiled/nrf-app.js" in 0.911 seconds.[0m
notifying browser that file changed:  resources\public\js\compiled\out-nrf\danuraisite\nrfapp.js
[0mCompiling "resources/public/js/compiled/nrf-app.js" from ["src/cljs-nrf"]...[0m
[32mSuccessfully compiled "resources/public/js/compiled/nrf-app.js" in 0.927 seconds.[0m
notifying browser that file changed:  resources\public\js\compiled\out-nrf\danuraisite\nrfapp.js
[0mCompiling "resources/public/js/compiled/nrf-app.js" from ["src/cljs-nrf"]...[0m
[36m----  Compiler Warning on   src/cljs-nrf/danuraisite/nrfapp.cljs   line:83  column:69  ----[0m

  [1mUse of undeclared Var danuraisite.nrfapp/p[0m

  [36m79[0m  [36m    rotated_icon (if (:rotated c) [:i.fas.fa-sync-alt.text-secondary.fa-xs.ml-2 {:title "Rotated"}])][0m
  [36m80[0m  [36m^{:key (gensym)}[:div.list-group-item[0m
  [36m81[0m  [36m  [:div {[0m
  [36m82[0m  [36m    :style {:cursor "pointer"}[0m
  [33m83[0m  [1m        :on-click #(toggle-pwned pwned (:code p))[0m
  [0m  [0m  [33m                                              ^--- Use of undeclared Var danuraisite.nrfapp/p[0m
  [36m84[0m  [36m    }[0m
  [36m85[0m  [36m    [:i.icon.mr-2 {:class (str "icon-" (:code c))}][0m
  [36m86[0m  [36m    [:span (:name c)][0m
  [36m87[0m  [36m    rotated_icon[0m
  [36m88[0m  [36m    (if (= 1 (:size c))[0m

[36m----  Compiler Warning : Please see src/cljs-nrf/danuraisite/nrfapp.cljs  ----[0m
[36m----  Compiler Warning on   src/cljs-nrf/danuraisite/nrfapp.cljs   line:83  column:69  ----[0m

  [1mUse of undeclared Var danuraisite.nrfapp/p[0m

  [36m79[0m  [36m    rotated_icon (if (:rotated c) [:i.fas.fa-sync-alt.text-secondary.fa-xs.ml-2 {:title "Rotated"}])][0m
  [36m80[0m  [36m^{:key (gensym)}[:div.list-group-item[0m
  [36m81[0m  [36m  [:div {[0m
  [36m82[0m  [36m    :style {:cursor "pointer"}[0m
  [33m83[0m  [1m        :on-click #(toggle-pwned pwned (:code p))[0m
  [0m  [0m  [33m                                              ^--- Use of undeclared Var danuraisite.nrfapp/p[0m
  [36m84[0m  [36m    }[0m
  [36m85[0m  [36m    [:i.icon.mr-2 {:class (str "icon-" (:code c))}][0m
  [36m86[0m  [36m    [:span (:name c)][0m
  [36m87[0m  [36m    rotated_icon[0m
  [36m88[0m  [36m    (if (= 1 (:size c))[0m

[36m----  Compiler Warning : Please see src/cljs-nrf/danuraisite/nrfapp.cljs  ----[0m
[32mSuccessfully compiled "resources/public/js/compiled/nrf-app.js" in 1.037 seconds.[0m
notifying browser that file changed:  resources\public\js\compiled\out-nrf\danuraisite\nrfapp.js
[0mCompiling "resources/public/js/compiled/nrf-app.js" from ["src/cljs-nrf"]...[0m
[32mSuccessfully compiled "resources/public/js/compiled/nrf-app.js" in 0.905 seconds.[0m
notifying browser that file changed:  resources\public\js\compiled\out-nrf\danuraisite\nrfapp.js
[0mCompiling "resources/public/js/compiled/nrf-app.js" from ["src/cljs-nrf"]...[0m
[32mSuccessfully compiled "resources/public/js/compiled/nrf-app.js" in 0.999 seconds.[0m
notifying browser that file changed:  resources\public\js\compiled\out-nrf\danuraisite\nrfapp.js
[0mCompiling "resources/public/js/compiled/nrf-app.js" from ["src/cljs-nrf"]...[0m
[32mSuccessfully compiled "resources/public/js/compiled/nrf-app.js" in 0.853 seconds.[0m
notifying browser that file changed:  resources\public\js\compiled\out-nrf\danuraisite\nrfapp.js
[0mCompiling "resources/public/js/compiled/nrf-app.js" from ["src/cljs-nrf"]...[0m
[32mSuccessfully compiled "resources/public/js/compiled/nrf-app.js" in 0.963 seconds.[0m
notifying browser that file changed:  resources\public\js\compiled\out-nrf\danuraisite\nrfapp.js
[0mCompiling "resources/public/js/compiled/nrf-app.js" from ["src/cljs-nrf"]...[0m
[32mSuccessfully compiled "resources/public/js/compiled/nrf-app.js" in 0.924 seconds.[0m
notifying browser that file changed:  resources\public\js\compiled\out-nrf\danuraisite\nrfapp.js
[0mCompiling "resources/public/js/compiled/nrf-app.js" from ["src/cljs-nrf"]...[0m
[36m----  Compiler Warning on   src/cljs-nrf/danuraisite/nrfapp.cljs   line:59  column:8  ----[0m

  [1mUse of undeclared Var danuraisite.nrfapp/set-item[0m

  [36m55[0m  [36m    (do[0m
  [36m56[0m  [36m      (remove-item! pcode)[0m
  [36m57[0m  [36m      (swap! pwned disj pcode))[0m
  [36m58[0m  [36m    (do[0m
  [33m59[0m  [1m      (set-item pcode "true")[0m
  [0m  [0m  [33m       ^--- Use of undeclared Var danuraisite.nrfapp/set-item[0m
  [36m60[0m  [36m      (swap! pwned conj pcode))))[0m
  [36m61[0m  [36m      [0m
  [36m62[0m  [36m(defn- buildpages [ packs faction cards ][0m
  [36m63[0m  [36m  (->> cards[0m
  [36m64[0m  [36m      (filter #(= (:faction_code %) faction))[0m

[36m----  Compiler Warning : Please see src/cljs-nrf/danuraisite/nrfapp.cljs  ----[0m
[32mSuccessfully compiled "resources/public/js/compiled/nrf-app.js" in 1.053 seconds.[0m
notifying browser that file changed:  resources\public\js\compiled\out-nrf\danuraisite\nrfapp.js
[0mCompiling "resources/public/js/compiled/nrf-app.js" from ["src/cljs-nrf"]...[0m
[32mSuccessfully compiled "resources/public/js/compiled/nrf-app.js" in 0.887 seconds.[0m
notifying browser that file changed:  resources\public\js\compiled\out-nrf\danuraisite\nrfapp.js
[0mCompiling "resources/public/js/compiled/nrf-app.js" from ["src/cljs-nrf"]...[0m
[31mFailed to compile "resources/public/js/compiled/nrf-app.js" in 0.395 seconds.[0m
[36m----  Could not Analyze  src/cljs-nrf/danuraisite/nrfapp.cljs   line:67  column:1  ----[0m

  [1mToo many arguments to def at line 67 src\cljs-nrf\danuraisite\nrfapp.cljs[0m

  [36m65[0m  [36m      (filter #(contains? packs (:pack_code %)))))[0m
  [36m66[0m  [36m      [0m
  [33m67[0m  [1m(def init-pwned [][0m
  [0m  [0m  [33m^--- Too many arguments to def at line 67 src\cljs-nrf\danuraisite\nrfapp.cljs[0m
  [36m68[0m  [36m  (->> @packs[0m
  [36m69[0m  [36m      (map :code)[0m
  [36m70[0m  [36m      (filter #(= "true" (get-item %)))[0m

[36m----  Analysis Error : Please see src/cljs-nrf/danuraisite/nrfapp.cljs  ----[0m
[0mCompiling "resources/public/js/compiled/nrf-app.js" from ["src/cljs-nrf"]...[0m
[32mSuccessfully compiled "resources/public/js/compiled/nrf-app.js" in 0.892 seconds.[0m
notifying browser that file changed:  resources\public\js\compiled\out-nrf\danuraisite\nrfapp.js
[0mCompiling "resources/public/js/compiled/nrf-app.js" from ["src/cljs-nrf"]...[0m
[32mSuccessfully compiled "resources/public/js/compiled/nrf-app.js" in 1.179 seconds.[0m
notifying browser that file changed:  resources\public\js\compiled\out-nrf\danuraisite\nrfapp.js
[0mCompiling "resources/public/js/compiled/nrf-app.js" from ["src/cljs-nrf"]...[0m
[36m----  Compiler Warning on   src/cljs-nrf/danuraisite/nrfapp.cljs   line:28  column:43  ----[0m

  [1mUse of undeclared Var danuraisite.nrfapp/get-item[0m

  [36m24[0m  [36m(reset! pwned    (->> (<! (http/get "/netrunner/api/packs")) [0m
  [36m25[0m  [36m                    :body [0m
  [36m26[0m  [36m                    :data[0m
  [36m27[0m  [36m                    (map :code)[0m
  [33m28[0m  [1m                    (filter #(= "true" (get-item %)))[0m
  [0m  [0m  [33m                                        ^--- Use of undeclared Var danuraisite.nrfapp/get-item[0m
  [36m29[0m  [36m                    set))[0m
  [36m30[0m  [36m(reset! cardlist (-> (<! (http/get "/netrunner/api/cards"))   :body :data))[0m
  [36m31[0m  [36m(reset! factions (-> (<! (http/get "/netrunner/api/factions")) :body :data))[0m
  [36m32[0m  [36m(reset! colours [0m
  [36m33[0m  [36m  (apply merge [0m

[36m----  Compiler Warning : Please see src/cljs-nrf/danuraisite/nrfapp.cljs  ----[0m
[36m----  Compiler Warning on   src/cljs-nrf/danuraisite/nrfapp.cljs   line:24  column:11  ----[0m

  [1mUse of undeclared Var danuraisite.nrfapp/pwned[0m

  [36m20[0m  [36m(go[0m
  [36m21[0m  [36m  (reset! cards    (-> (<! (http/get "/netrunner/api/cards"))   :body :data))[0m
  [36m22[0m  [36m  (reset! cycles   (-> (<! (http/get "/netrunner/api/cycles"))  :body :data))[0m
  [36m23[0m  [36m  (reset! packs    (-> (<! (http/get "/netrunner/api/packs"))   :body :data))[0m
  [33m24[0m  [1m  (reset! pwned    (->> (<! (http/get "/netrunner/api/packs")) [0m
  [0m  [0m  [33m          ^--- Use of undeclared Var danuraisite.nrfapp/pwned[0m
  [36m25[0m  [36m                      :body [0m
  [36m26[0m  [36m                      :data[0m
  [36m27[0m  [36m                      (map :code)[0m
  [36m28[0m  [36m                      (filter #(= "true" (get-item %)))[0m
  [36m29[0m  [36m                      set))[0m

[36m----  Compiler Warning : Please see src/cljs-nrf/danuraisite/nrfapp.cljs  ----[0m
[36m----  Compiler Warning on   src/cljs-nrf/danuraisite/nrfapp.cljs   line:78  column:32  ----[0m

  [1mUse of undeclared Var danuraisite.nrfapp/pwned[0m

  [36m74[0m  [36m(defn App [][0m
  [36m75[0m  [36m  (let [pageno (r/atom 1)[0m
  [36m76[0m  [36m       faction (r/atom "anarch")][0m
  [36m77[0m  [36m    (fn [][0m
  [33m78[0m  [1m      (let [clist (buildpages @pwned @faction @cardlist)][0m
  [0m  [0m  [33m                               ^--- Use of undeclared Var danuraisite.nrfapp/pwned[0m
  [36m79[0m  [36m        [:div.container-fluid.my-3[0m
  [36m80[0m  [36m          [:div.row[0m
  [36m81[0m  [36m            [:div.col-sm-5[0m
  [36m82[0m  [36m              [:div.row-fluid.mb-2 [0m
  [36m83[0m  [36m                [:h4 "Collection"]][0m

[36m----  Compiler Warning : Please see src/cljs-nrf/danuraisite/nrfapp.cljs  ----[0m
[36m----  Compiler Warning on   src/cljs-nrf/danuraisite/nrfapp.cljs   line:92  column:52  ----[0m

  [1mUse of undeclared Var danuraisite.nrfapp/pwned[0m

  [36m88[0m  [36m   rotated_icon (if (:rotated c) [:i.fas.fa-sync-alt.text-secondary.fa-xs.ml-2 {:title "Rotated"}])][0m
  [36m89[0m  [36m^{:key (gensym)}[:div.list-group-item[0m
  [36m90[0m  [36m  [:div {[0m
  [36m91[0m  [36m    :style {:cursor "pointer"}[0m
  [33m92[0m  [1m    :on-click #(toggle-pwned pwned (-> packs first :code))[0m
  [0m  [0m  [33m                             ^--- Use of undeclared Var danuraisite.nrfapp/pwned[0m
  [36m93[0m  [36m    }[0m
  [36m94[0m  [36m    [:i.icon.mr-2 {:class (str "icon-" (:code c))}][0m
  [36m95[0m  [36m    [:span (:name c)][0m
  [36m96[0m  [36m    rotated_icon[0m
  [36m97[0m  [36m    [:span.float-right.fas.text-success {[0m

[36m----  Compiler Warning : Please see src/cljs-nrf/danuraisite/nrfapp.cljs  ----[0m
[36m----  Compiler Warning on   src/cljs-nrf/danuraisite/nrfapp.cljs   line:98  column:52  ----[0m

  [1mUse of undeclared Var danuraisite.nrfapp/pwned[0m

  [36m 94[0m  [36m  [:i.icon.mr-2 {:class (str "icon-" (:code c))}][0m
  [36m 95[0m  [36m  [:span (:name c)][0m
  [36m 96[0m  [36m  rotated_icon[0m
  [36m 97[0m  [36m  [:span.float-right.fas.text-success {[0m
  [33m 98[0m  [1m    :class (if (contains? @pwned (-> packs first :code)) "fa-toggle-on" "fa-toggle-off")[0m
  [0m   [0m  [33m                           ^--- Use of undeclared Var danuraisite.nrfapp/pwned[0m
  [36m 99[0m  [36m    }]][0m
  [36m100[0m  [36m(if (< 1 (:size c))[0m
  [36m101[0m  [36m  (doall (for [p packs][0m
  [36m102[0m  [36m    ^{:key (gensym)}[:div.pl-2 {[0m
  [36m103[0m  [36m      :style {:cursor "pointer"} [0m

[36m----  Compiler Warning : Please see src/cljs-nrf/danuraisite/nrfapp.cljs  ----[0m
[36m----  Compiler Warning on   src/cljs-nrf/danuraisite/nrfapp.cljs   line:104  column:56  ----[0m

  [1mUse of undeclared Var danuraisite.nrfapp/pwned[0m

  [36m100[0m  [36m(if (< 1 (:size c))[0m
  [36m101[0m  [36m  (doall (for [p packs][0m
  [36m102[0m  [36m    ^{:key (gensym)}[:div.pl-2 {[0m
  [36m103[0m  [36m      :style {:cursor "pointer"} [0m
  [33m104[0m  [1m      :on-click #(toggle-pwned pwned (:code p))[0m
  [0m   [0m  [33m                               ^--- Use of undeclared Var danuraisite.nrfapp/pwned[0m
  [36m105[0m  [36m      }[0m
  [36m106[0m  [36m        [:i.icon.icon-subroutine.mr-2] [0m
  [36m107[0m  [36m        (:name p) rotated_icon[0m
  [36m108[0m  [36m        [:span.float-right.fas.text-success {[0m
  [36m109[0m  [36m          :class (if (contains? @pwned (:code p)) "fa-toggle-on" "fa-toggle-off")[0m

[36m----  Compiler Warning : Please see src/cljs-nrf/danuraisite/nrfapp.cljs  ----[0m
[36m----  Compiler Warning on   src/cljs-nrf/danuraisite/nrfapp.cljs   line:109  column:58  ----[0m

  [1mUse of undeclared Var danuraisite.nrfapp/pwned[0m

  [36m105[0m  [36m                  }[0m
  [36m106[0m  [36m                    [:i.icon.icon-subroutine.mr-2] [0m
  [36m107[0m  [36m                    (:name p) rotated_icon[0m
  [36m108[0m  [36m                    [:span.float-right.fas.text-success {[0m
  [33m109[0m  [1m                      :class (if (contains? @pwned (:code p)) "fa-toggle-on" "fa-toggle-off")[0m
  [0m   [0m  [33m                                             ^--- Use of undeclared Var danuraisite.nrfapp/pwned[0m
  [36m110[0m  [36m                      }][0m
  [36m111[0m  [36m                    ])))])))][0m
  [36m112[0m  [36m  ]][0m
  [36m113[0m  [36m[:div.col-sm-7[0m
  [36m114[0m  [36m  [:div.row.mb-3[0m

[36m----  Compiler Warning : Please see src/cljs-nrf/danuraisite/nrfapp.cljs  ----[0m
[36m----  Compiler Warning on   src/cljs-nrf/danuraisite/nrfapp.cljs   line:104  column:56  ----[0m

  [1mUse of undeclared Var danuraisite.nrfapp/pwned[0m

  [36m100[0m  [36m(if (< 1 (:size c))[0m
  [36m101[0m  [36m  (doall (for [p packs][0m
  [36m102[0m  [36m    ^{:key (gensym)}[:div.pl-2 {[0m
  [36m103[0m  [36m      :style {:cursor "pointer"} [0m
  [33m104[0m  [1m      :on-click #(toggle-pwned pwned (:code p))[0m
  [0m   [0m  [33m                               ^--- Use of undeclared Var danuraisite.nrfapp/pwned[0m
  [36m105[0m  [36m      }[0m
  [36m106[0m  [36m        [:i.icon.icon-subroutine.mr-2] [0m
  [36m107[0m  [36m        (:name p) rotated_icon[0m
  [36m108[0m  [36m        [:span.float-right.fas.text-success {[0m
  [36m109[0m  [36m          :class (if (contains? @pwned (:code p)) "fa-toggle-on" "fa-toggle-off")[0m

[36m----  Compiler Warning : Please see src/cljs-nrf/danuraisite/nrfapp.cljs  ----[0m
[36m----  Compiler Warning on   src/cljs-nrf/danuraisite/nrfapp.cljs   line:109  column:58  ----[0m

  [1mUse of undeclared Var danuraisite.nrfapp/pwned[0m

  [36m105[0m  [36m                  }[0m
  [36m106[0m  [36m                    [:i.icon.icon-subroutine.mr-2] [0m
  [36m107[0m  [36m                    (:name p) rotated_icon[0m
  [36m108[0m  [36m                    [:span.float-right.fas.text-success {[0m
  [33m109[0m  [1m                      :class (if (contains? @pwned (:code p)) "fa-toggle-on" "fa-toggle-off")[0m
  [0m   [0m  [33m                                             ^--- Use of undeclared Var danuraisite.nrfapp/pwned[0m
  [36m110[0m  [36m                      }][0m
  [36m111[0m  [36m                    ])))])))][0m
  [36m112[0m  [36m  ]][0m
  [36m113[0m  [36m[:div.col-sm-7[0m
  [36m114[0m  [36m  [:div.row.mb-3[0m

[36m----  Compiler Warning : Please see src/cljs-nrf/danuraisite/nrfapp.cljs  ----[0m
[36m----  Compiler Warning on   src/cljs-nrf/danuraisite/nrfapp.cljs   line:92  column:52  ----[0m

  [1mUse of undeclared Var danuraisite.nrfapp/pwned[0m

  [36m88[0m  [36m   rotated_icon (if (:rotated c) [:i.fas.fa-sync-alt.text-secondary.fa-xs.ml-2 {:title "Rotated"}])][0m
  [36m89[0m  [36m^{:key (gensym)}[:div.list-group-item[0m
  [36m90[0m  [36m  [:div {[0m
  [36m91[0m  [36m    :style {:cursor "pointer"}[0m
  [33m92[0m  [1m    :on-click #(toggle-pwned pwned (-> packs first :code))[0m
  [0m  [0m  [33m                             ^--- Use of undeclared Var danuraisite.nrfapp/pwned[0m
  [36m93[0m  [36m    }[0m
  [36m94[0m  [36m    [:i.icon.mr-2 {:class (str "icon-" (:code c))}][0m
  [36m95[0m  [36m    [:span (:name c)][0m
  [36m96[0m  [36m    rotated_icon[0m
  [36m97[0m  [36m    [:span.float-right.fas.text-success {[0m

[36m----  Compiler Warning : Please see src/cljs-nrf/danuraisite/nrfapp.cljs  ----[0m
[36m----  Compiler Warning on   src/cljs-nrf/danuraisite/nrfapp.cljs   line:98  column:52  ----[0m

  [1mUse of undeclared Var danuraisite.nrfapp/pwned[0m

  [36m 94[0m  [36m  [:i.icon.mr-2 {:class (str "icon-" (:code c))}][0m
  [36m 95[0m  [36m  [:span (:name c)][0m
  [36m 96[0m  [36m  rotated_icon[0m
  [36m 97[0m  [36m  [:span.float-right.fas.text-success {[0m
  [33m 98[0m  [1m    :class (if (contains? @pwned (-> packs first :code)) "fa-toggle-on" "fa-toggle-off")[0m
  [0m   [0m  [33m                           ^--- Use of undeclared Var danuraisite.nrfapp/pwned[0m
  [36m 99[0m  [36m    }]][0m
  [36m100[0m  [36m(if (< 1 (:size c))[0m
  [36m101[0m  [36m  (doall (for [p packs][0m
  [36m102[0m  [36m    ^{:key (gensym)}[:div.pl-2 {[0m
  [36m103[0m  [36m      :style {:cursor "pointer"} [0m

[36m----  Compiler Warning : Please see src/cljs-nrf/danuraisite/nrfapp.cljs  ----[0m
[36m----  Compiler Warning on   src/cljs-nrf/danuraisite/nrfapp.cljs   line:104  column:56  ----[0m

  [1mUse of undeclared Var danuraisite.nrfapp/pwned[0m

  [36m100[0m  [36m(if (< 1 (:size c))[0m
  [36m101[0m  [36m  (doall (for [p packs][0m
  [36m102[0m  [36m    ^{:key (gensym)}[:div.pl-2 {[0m
  [36m103[0m  [36m      :style {:cursor "pointer"} [0m
  [33m104[0m  [1m      :on-click #(toggle-pwned pwned (:code p))[0m
  [0m   [0m  [33m                               ^--- Use of undeclared Var danuraisite.nrfapp/pwned[0m
  [36m105[0m  [36m      }[0m
  [36m106[0m  [36m        [:i.icon.icon-subroutine.mr-2] [0m
  [36m107[0m  [36m        (:name p) rotated_icon[0m
  [36m108[0m  [36m        [:span.float-right.fas.text-success {[0m
  [36m109[0m  [36m          :class (if (contains? @pwned (:code p)) "fa-toggle-on" "fa-toggle-off")[0m

[36m----  Compiler Warning : Please see src/cljs-nrf/danuraisite/nrfapp.cljs  ----[0m
[36m----  Compiler Warning on   src/cljs-nrf/danuraisite/nrfapp.cljs   line:109  column:58  ----[0m

  [1mUse of undeclared Var danuraisite.nrfapp/pwned[0m

  [36m105[0m  [36m                  }[0m
  [36m106[0m  [36m                    [:i.icon.icon-subroutine.mr-2] [0m
  [36m107[0m  [36m                    (:name p) rotated_icon[0m
  [36m108[0m  [36m                    [:span.float-right.fas.text-success {[0m
  [33m109[0m  [1m                      :class (if (contains? @pwned (:code p)) "fa-toggle-on" "fa-toggle-off")[0m
  [0m   [0m  [33m                                             ^--- Use of undeclared Var danuraisite.nrfapp/pwned[0m
  [36m110[0m  [36m                      }][0m
  [36m111[0m  [36m                    ])))])))][0m
  [36m112[0m  [36m  ]][0m
  [36m113[0m  [36m[:div.col-sm-7[0m
  [36m114[0m  [36m  [:div.row.mb-3[0m

[36m----  Compiler Warning : Please see src/cljs-nrf/danuraisite/nrfapp.cljs  ----[0m
[36m----  Compiler Warning on   src/cljs-nrf/danuraisite/nrfapp.cljs   line:104  column:56  ----[0m

  [1mUse of undeclared Var danuraisite.nrfapp/pwned[0m

  [36m100[0m  [36m(if (< 1 (:size c))[0m
  [36m101[0m  [36m  (doall (for [p packs][0m
  [36m102[0m  [36m    ^{:key (gensym)}[:div.pl-2 {[0m
  [36m103[0m  [36m      :style {:cursor "pointer"} [0m
  [33m104[0m  [1m      :on-click #(toggle-pwned pwned (:code p))[0m
  [0m   [0m  [33m                               ^--- Use of undeclared Var danuraisite.nrfapp/pwned[0m
  [36m105[0m  [36m      }[0m
  [36m106[0m  [36m        [:i.icon.icon-subroutine.mr-2] [0m
  [36m107[0m  [36m        (:name p) rotated_icon[0m
  [36m108[0m  [36m        [:span.float-right.fas.text-success {[0m
  [36m109[0m  [36m          :class (if (contains? @pwned (:code p)) "fa-toggle-on" "fa-toggle-off")[0m

[36m----  Compiler Warning : Please see src/cljs-nrf/danuraisite/nrfapp.cljs  ----[0m
[36m----  Compiler Warning on   src/cljs-nrf/danuraisite/nrfapp.cljs   line:109  column:58  ----[0m

  [1mUse of undeclared Var danuraisite.nrfapp/pwned[0m

  [36m105[0m  [36m                  }[0m
  [36m106[0m  [36m                    [:i.icon.icon-subroutine.mr-2] [0m
  [36m107[0m  [36m                    (:name p) rotated_icon[0m
  [36m108[0m  [36m                    [:span.float-right.fas.text-success {[0m
  [33m109[0m  [1m                      :class (if (contains? @pwned (:code p)) "fa-toggle-on" "fa-toggle-off")[0m
  [0m   [0m  [33m                                             ^--- Use of undeclared Var danuraisite.nrfapp/pwned[0m
  [36m110[0m  [36m                      }][0m
  [36m111[0m  [36m                    ])))])))][0m
  [36m112[0m  [36m  ]][0m
  [36m113[0m  [36m[:div.col-sm-7[0m
  [36m114[0m  [36m  [:div.row.mb-3[0m

[36m----  Compiler Warning : Please see src/cljs-nrf/danuraisite/nrfapp.cljs  ----[0m
[32mSuccessfully compiled "resources/public/js/compiled/nrf-app.js" in 1.172 seconds.[0m
notifying browser that file changed:  resources\public\js\compiled\out-nrf\danuraisite\nrfapp.js
[0mCompiling "resources/public/js/compiled/nrf-app.js" from ["src/cljs-nrf"]...[0m
[36m----  Compiler Warning on   src/cljs-nrf/danuraisite/nrfapp.cljs   line:29  column:43  ----[0m

  [1mUse of undeclared Var danuraisite.nrfapp/get-item[0m

  [36m25[0m  [36m(reset! pwned    (->> (<! (http/get "/netrunner/api/packs")) [0m
  [36m26[0m  [36m                    :body [0m
  [36m27[0m  [36m                    :data[0m
  [36m28[0m  [36m                    (map :code)[0m
  [33m29[0m  [1m                    (filter #(= "true" (get-item %)))[0m
  [0m  [0m  [33m                                        ^--- Use of undeclared Var danuraisite.nrfapp/get-item[0m
  [36m30[0m  [36m                    set))[0m
  [36m31[0m  [36m(reset! cardlist (-> (<! (http/get "/netrunner/api/cards"))   :body :data))[0m
  [36m32[0m  [36m(reset! factions (-> (<! (http/get "/netrunner/api/factions")) :body :data))[0m
  [36m33[0m  [36m(reset! colours [0m
  [36m34[0m  [36m  (apply merge [0m

[36m----  Compiler Warning : Please see src/cljs-nrf/danuraisite/nrfapp.cljs  ----[0m
[32mSuccessfully compiled "resources/public/js/compiled/nrf-app.js" in 0.976 seconds.[0m
notifying browser that file changed:  resources\public\js\compiled\out-nrf\danuraisite\nrfapp.js
[0mCompiling "resources/public/js/compiled/nrf-app.js" from ["src/cljs-nrf"]...[0m
[32mSuccessfully compiled "resources/public/js/compiled/nrf-app.js" in 0.891 seconds.[0m
notifying browser that file changed:  resources\public\js\compiled\out-nrf\danuraisite\nrfapp.js
[0mCompiling "resources/public/js/compiled/nrf-app.js" from ["src/cljs-nrf"]...[0m
[32mSuccessfully compiled "resources/public/js/compiled/nrf-app.js" in 1.127 seconds.[0m
notifying browser that file changed:  resources\public\js\compiled\out-nrf\danuraisite\nrfapp.js
[0mCompiling "resources/public/js/compiled/nrf-app.js" from ["src/cljs-nrf"]...[0m
[32mSuccessfully compiled "resources/public/js/compiled/nrf-app.js" in 0.985 seconds.[0m
notifying browser that file changed:  resources\public\js\compiled\out-nrf\danuraisite\nrfapp.js
[0mCompiling "resources/public/js/compiled/nrf-app.js" from ["src/cljs-nrf"]...[0m
[32mSuccessfully compiled "resources/public/js/compiled/nrf-app.js" in 0.92 seconds.[0m
notifying browser that file changed:  resources\public\js\compiled\out-nrf\danuraisite\nrfapp.js
[0mCompiling "resources/public/js/compiled/nrf-app.js" from ["src/cljs-nrf"]...[0m
[32mSuccessfully compiled "resources/public/js/compiled/nrf-app.js" in 0.999 seconds.[0m
notifying browser that file changed:  resources\public\js\compiled\out-nrf\danuraisite\nrfapp.js
[0mCompiling "resources/public/js/compiled/nrf-app.js" from ["src/cljs-nrf"]...[0m
[32mSuccessfully compiled "resources/public/js/compiled/nrf-app.js" in 0.907 seconds.[0m
notifying browser that file changed:  resources\public\js\compiled\out-nrf\danuraisite\nrfapp.js
[0mCompiling "resources/public/js/compiled/nrf-app.js" from ["src/cljs-nrf"]...[0m
[32mSuccessfully compiled "resources/public/js/compiled/nrf-app.js" in 1.132 seconds.[0m
notifying browser that file changed:  resources/public/js/compiled/out-nrf/goog/deps.js
notifying browser that file changed:  resources/public/js/compiled/out-nrf/cljs_deps.js
notifying browser that file changed:  resources\public\js\compiled\out-nrf\danuraisite\nrfapp.js
[0mCompiling "resources/public/js/compiled/nrf-app.js" from ["src/cljs-nrf"]...[0m
[32mSuccessfully compiled "resources/public/js/compiled/nrf-app.js" in 1.093 seconds.[0m
notifying browser that file changed:  resources\public\js\compiled\out-nrf\danuraisite\nrfapp.js
[0mCompiling "resources/public/js/compiled/nrf-app.js" from ["src/cljs-nrf"]...[0m
[32mSuccessfully compiled "resources/public/js/compiled/nrf-app.js" in 1.102 seconds.[0m
notifying browser that file changed:  resources\public\js\compiled\out-nrf\danuraisite\nrfapp.js
[0mCompiling "resources/public/js/compiled/nrf-app.js" from ["src/cljs-nrf"]...[0m
[31mFailed to compile "resources/public/js/compiled/nrf-app.js" in 0.441 seconds.[0m
[36m----  Could not Read  src/cljs-nrf/danuraisite/nrfapp.cljs   line:88 ----[0m

  [1mD:\Projects\danuraisite\src\cljs-nrf\danuraisite\nrfapp.cljs [line 88, col 71] Invalid keyword: :cursor:.[0m

  [36m86[0m  [36m      ^{:key (gensym)}[:li.breadcrumb-item {[0m
  [36m87[0m  [36m        :class (if (= (:code f) @faction) "active")[0m
  [33m88[0m  [1m        :style {:color (get @colours (:code f)) :cursor: "pointer"}[0m
  [0m  [0m  [33m        D:\Projects\danuraisite\src\cljs-nrf\danuraisite\nrfapp.cljs [line 88, col 71] Invalid keyword: :cursor:.[0m
  [36m89[0m  [36m        :on-click (fn [] (reset! faction (:code f)) (reset! pageno 1))}[0m
  [36m90[0m  [36m        (:name f)]))]][0m
  [36m91[0m  [36m[:div.row.mb-3.d-flex[0m

[36m----  Reader Error : Please see src/cljs-nrf/danuraisite/nrfapp.cljs  ----[0m
[0mCompiling "resources/public/js/compiled/nrf-app.js" from ["src/cljs-nrf"]...[0m
[32mSuccessfully compiled "resources/public/js/compiled/nrf-app.js" in 1.064 seconds.[0m
notifying browser that file changed:  resources\public\js\compiled\out-nrf\danuraisite\nrfapp.js
[0mCompiling "resources/public/js/compiled/nrf-app.js" from ["src/cljs-nrf"]...[0m
[32mSuccessfully compiled "resources/public/js/compiled/nrf-app.js" in 1.249 seconds.[0m
notifying browser that file changed:  resources\public\js\compiled\out-nrf\danuraisite\nrfapp.js
[0mCompiling "resources/public/js/compiled/nrf-app.js" from ["src/cljs-nrf"]...[0m
[32mSuccessfully compiled "resources/public/js/compiled/nrf-app.js" in 1.059 seconds.[0m
notifying browser that file changed:  resources\public\js\compiled\out-nrf\danuraisite\nrfapp.js
[0mCompiling "resources/public/js/compiled/nrf-app.js" from ["src/cljs-nrf"]...[0m
[32mSuccessfully compiled "resources/public/js/compiled/nrf-app.js" in 1.047 seconds.[0m
notifying browser that file changed:  resources\public\js\compiled\out-nrf\danuraisite\nrfapp.js
[0mCompiling "resources/public/js/compiled/nrf-app.js" from ["src/cljs-nrf"]...[0m
[32mSuccessfully compiled "resources/public/js/compiled/nrf-app.js" in 1.135 seconds.[0m
notifying browser that file changed:  resources\public\js\compiled\out-nrf\danuraisite\nrfapp.js
[0mCompiling "resources/public/js/compiled/nrf-app.js" from ["src/cljs-nrf"]...[0m
[32mSuccessfully compiled "resources/public/js/compiled/nrf-app.js" in 1.089 seconds.[0m
notifying browser that file changed:  resources\public\js\compiled\out-nrf\danuraisite\nrfapp.js
[0mCompiling "resources/public/js/compiled/nrf-app.js" from ["src/cljs-nrf"]...[0m
[32mSuccessfully compiled "resources/public/js/compiled/nrf-app.js" in 0.995 seconds.[0m
notifying browser that file changed:  resources\public\js\compiled\out-nrf\danuraisite\nrfapp.js
[0mCompiling "resources/public/js/compiled/nrf-app.js" from ["src/cljs-nrf"]...[0m
[32mSuccessfully compiled "resources/public/js/compiled/nrf-app.js" in 1.045 seconds.[0m
notifying browser that file changed:  resources\public\js\compiled\out-nrf\danuraisite\nrfapp.js
[0mCompiling "resources/public/js/compiled/nrf-app.js" from ["src/cljs-nrf"]...[0m
[32mSuccessfully compiled "resources/public/js/compiled/nrf-app.js" in 1.025 seconds.[0m
notifying browser that file changed:  resources\public\js\compiled\out-nrf\danuraisite\nrfapp.js
[0mCompiling "resources/public/js/compiled/nrf-app.js" from ["src/cljs-nrf"]...[0m
[32mSuccessfully compiled "resources/public/js/compiled/nrf-app.js" in 1.136 seconds.[0m
notifying browser that file changed:  resources\public\js\compiled\out-nrf\danuraisite\nrfapp.js
[0mCompiling "resources/public/js/compiled/nrf-app.js" from ["src/cljs-nrf"]...[0m
[32mSuccessfully compiled "resources/public/js/compiled/nrf-app.js" in 1.095 seconds.[0m
notifying browser that file changed:  resources\public\js\compiled\out-nrf\danuraisite\nrfapp.js
[0mCompiling "resources/public/js/compiled/nrf-app.js" from ["src/cljs-nrf"]...[0m
[32mSuccessfully compiled "resources/public/js/compiled/nrf-app.js" in 1.06 seconds.[0m
notifying browser that file changed:  resources\public\js\compiled\out-nrf\danuraisite\nrfapp.js
[0mCompiling "resources/public/js/compiled/nrf-app.js" from ["src/cljs-nrf"]...[0m
[32mSuccessfully compiled "resources/public/js/compiled/nrf-app.js" in 1.113 seconds.[0m
notifying browser that file changed:  resources\public\js\compiled\out-nrf\danuraisite\nrfapp.js
[0mCompiling "resources/public/js/compiled/nrf-app.js" from ["src/cljs-nrf"]...[0m
[36m----  Compiler Warning on   src/cljs-nrf/danuraisite/nrfapp.cljs   line:84  column:19  ----[0m

  [1mWrong number of args (3) passed to danuraisite.nrfapp/buildpages[0m

  [36m80[0m  [36m(defn App [][0m
  [36m81[0m  [36m  (let [pageno (r/atom 1)[0m
  [36m82[0m  [36m       faction (r/atom "anarch")][0m
  [36m83[0m  [36m    (fn [][0m
  [33m84[0m  [1m      (let [clist (buildpages @pwned @faction @cardlist)][0m
  [0m  [0m  [33m                  ^--- Wrong number of args (3) passed to danuraisite.nrfapp/buildpages[0m
  [36m85[0m  [36m        [:div.container-fluid.my-3[0m
  [36m86[0m  [36m          [:div.row[0m
  [36m87[0m  [36m            [:div.col-sm-7.mb-3[0m
  [36m88[0m  [36m              [:div.row-fluid.mb-3[0m
  [36m89[0m  [36m                [:ol.breadcrumb[0m

[36m----  Compiler Warning : Please see src/cljs-nrf/danuraisite/nrfapp.cljs  ----[0m
[32mSuccessfully compiled "resources/public/js/compiled/nrf-app.js" in 0.976 seconds.[0m
notifying browser that file changed:  resources\public\js\compiled\out-nrf\danuraisite\nrfapp.js
[0mCompiling "resources/public/js/compiled/nrf-app.js" from ["src/cljs-nrf"]...[0m
[32mSuccessfully compiled "resources/public/js/compiled/nrf-app.js" in 1.08 seconds.[0m
notifying browser that file changed:  resources\public\js\compiled\out-nrf\danuraisite\nrfapp.js
[0mCompiling "resources/public/js/compiled/nrf-app.js" from ["src/cljs-nrf"]...[0m
[32mSuccessfully compiled "resources/public/js/compiled/nrf-app.js" in 1.017 seconds.[0m
notifying browser that file changed:  resources\public\js\compiled\out-nrf\danuraisite\nrfapp.js
[0mCompiling "resources/public/js/compiled/nrf-app.js" from ["src/cljs-nrf"]...[0m
[32mSuccessfully compiled "resources/public/js/compiled/nrf-app.js" in 1.107 seconds.[0m
notifying browser that file changed:  resources\public\js\compiled\out-nrf\danuraisite\nrfapp.js
[0mCompiling "resources/public/js/compiled/nrf-app.js" from ["src/cljs-nrf"]...[0m
[32mSuccessfully compiled "resources/public/js/compiled/nrf-app.js" in 1.027 seconds.[0m
notifying browser that file changed:  resources\public\js\compiled\out-nrf\danuraisite\nrfapp.js
[0mCompiling "resources/public/js/compiled/nrf-app.js" from ["src/cljs-nrf"]...[0m
[31mFailed to compile "resources/public/js/compiled/nrf-app.js" in 0.387 seconds.[0m
[36m----  Could not Read  src/cljs-nrf/danuraisite/nrfapp.cljs   line:138 ----[0m

  [1mD:\Projects\danuraisite\src\cljs-nrf\danuraisite\nrfapp.cljs [line 138, col 53] Unexpected EOF while reading item 4 of list, starting at line 72 and column 3.[0m

  [36m136[0m  [36m                                ])))])))]]]]]))))[0m
  [36m137[0m  [36m[0m
  [33m138[0m  [1m(r/render [App] (.getElementById js/document "app"))[0m
  [0m   [0m  [33mD:\Projects\danuraisite\src\cljs-nrf\danuraisite\nrfapp.cljs [line 138, col 53] Unexpected EOF while reading item 4 of list, starting at line 72 and column 3.[0m

[36m----  Reader Error : Please see src/cljs-nrf/danuraisite/nrfapp.cljs  ----[0m
[0mCompiling "resources/public/js/compiled/nrf-app.js" from ["src/cljs-nrf"]...[0m
[32mSuccessfully compiled "resources/public/js/compiled/nrf-app.js" in 1.075 seconds.[0m
notifying browser that file changed:  resources\public\js\compiled\out-nrf\danuraisite\nrfapp.js
[0mCompiling "resources/public/js/compiled/nrf-app.js" from ["src/cljs-nrf"]...[0m
[32mSuccessfully compiled "resources/public/js/compiled/nrf-app.js" in 1.411 seconds.[0m
notifying browser that file changed:  resources\public\js\compiled\out-nrf\danuraisite\nrfapp.js
[0mCompiling "resources/public/js/compiled/nrf-app.js" from ["src/cljs-nrf"]...[0m
[32mSuccessfully compiled "resources/public/js/compiled/nrf-app.js" in 1.015 seconds.[0m
notifying browser that file changed:  resources\public\js\compiled\out-nrf\danuraisite\nrfapp.js
[0mCompiling "resources/public/js/compiled/nrf-app.js" from ["src/cljs-nrf"]...[0m
[32mSuccessfully compiled "resources/public/js/compiled/nrf-app.js" in 1.268 seconds.[0m
notifying browser that file changed:  resources\public\js\compiled\out-nrf\danuraisite\nrfapp.js
[0mCompiling "resources/public/js/compiled/nrf-app.js" from ["src/cljs-nrf"]...[0m
[32mSuccessfully compiled "resources/public/js/compiled/nrf-app.js" in 1.043 seconds.[0m
notifying browser that file changed:  resources\public\js\compiled\out-nrf\danuraisite\nrfapp.js
[0mCompiling "resources/public/js/compiled/nrf-app.js" from ["src/cljs-nrf"]...[0m
[32mSuccessfully compiled "resources/public/js/compiled/nrf-app.js" in 1.121 seconds.[0m
notifying browser that file changed:  resources\public\js\compiled\out-nrf\danuraisite\nrfapp.js
[0mCompiling "resources/public/js/compiled/nrf-app.js" from ["src/cljs-nrf"]...[0m
[32mSuccessfully compiled "resources/public/js/compiled/nrf-app.js" in 1.036 seconds.[0m
notifying browser that file changed:  resources\public\js\compiled\out-nrf\danuraisite\nrfapp.js
[0mCompiling "resources/public/js/compiled/nrf-app.js" from ["src/cljs-nrf"]...[0m
[32mSuccessfully compiled "resources/public/js/compiled/nrf-app.js" in 1.125 seconds.[0m
notifying browser that file changed:  resources\public\js\compiled\out-nrf\danuraisite\nrfapp.js
[0mCompiling "resources/public/js/compiled/nrf-app.js" from ["src/cljs-nrf"]...[0m
[32mSuccessfully compiled "resources/public/js/compiled/nrf-app.js" in 0.889 seconds.[0m
notifying browser that file changed:  resources\public\js\compiled\out-nrf\danuraisite\nrfapp.js
[0mCompiling "resources/public/js/compiled/nrf-app.js" from ["src/cljs-nrf"]...[0m
[32mSuccessfully compiled "resources/public/js/compiled/nrf-app.js" in 1.088 seconds.[0m
notifying browser that file changed:  resources\public\js\compiled\out-nrf\danuraisite\nrfapp.js
[0mCompiling "resources/public/js/compiled/nrf-app.js" from ["src/cljs-nrf"]...[0m
[31mFailed to compile "resources/public/js/compiled/nrf-app.js" in 0.512 seconds.[0m
[36m----  Could not Compile  src/cljs-nrf/danuraisite/nrfapp.cljs  ----[0m

  [1mfailed compiling file:src\cljs-nrf\danuraisite\nrfapp.cljs[0m

[36m----  Compiler Error : Please see src/cljs-nrf/danuraisite/nrfapp.cljs  ----[0m
[0mCompiling "resources/public/js/compiled/nrf-app.js" from ["src/cljs-nrf"]...[0m
[31mFailed to compile "resources/public/js/compiled/nrf-app.js" in 0.391 seconds.[0m
[36m----  Could not Compile  src/cljs-nrf/danuraisite/nrfapp.cljs  ----[0m

  [1mfailed compiling file:src\cljs-nrf\danuraisite\nrfapp.cljs[0m

[36m----  Compiler Error : Please see src/cljs-nrf/danuraisite/nrfapp.cljs  ----[0m
[0mCompiling "resources/public/js/compiled/nrf-app.js" from ["src/cljs-nrf"]...[0m
[31mFailed to compile "resources/public/js/compiled/nrf-app.js" in 0.546 seconds.[0m
[36m----  Could not Compile  src/cljs-nrf/danuraisite/nrfapp.cljs  ----[0m

  [1mfailed compiling file:src\cljs-nrf\danuraisite\nrfapp.cljs[0m

[36m----  Compiler Error : Please see src/cljs-nrf/danuraisite/nrfapp.cljs  ----[0m
[0mCompiling "resources/public/js/compiled/nrf-app.js" from ["src/cljs-nrf"]...[0m
[32mSuccessfully compiled "resources/public/js/compiled/nrf-app.js" in 1.203 seconds.[0m
notifying browser that file changed:  resources\public\js\compiled\out-nrf\danuraisite\nrfapp.js
[0mCompiling "resources/public/js/compiled/nrf-app.js" from ["src/cljs-nrf"]...[0m
[32mSuccessfully compiled "resources/public/js/compiled/nrf-app.js" in 1.476 seconds.[0m
notifying browser that file changed:  resources\public\js\compiled\out-nrf\danuraisite\nrfapp.js
[0mCompiling "resources/public/js/compiled/nrf-app.js" from ["src/cljs-nrf"]...[0m
[32mSuccessfully compiled "resources/public/js/compiled/nrf-app.js" in 0.992 seconds.[0m
notifying browser that file changed:  resources\public\js\compiled\out-nrf\danuraisite\nrfapp.js
[0mCompiling "resources/public/js/compiled/nrf-app.js" from ["src/cljs-nrf"]...[0m
[32mSuccessfully compiled "resources/public/js/compiled/nrf-app.js" in 1.022 seconds.[0m
notifying browser that file changed:  resources\public\js\compiled\out-nrf\danuraisite\nrfapp.js
[0mCompiling "resources/public/js/compiled/nrf-app.js" from ["src/cljs-nrf"]...[0m
[32mSuccessfully compiled "resources/public/js/compiled/nrf-app.js" in 1.138 seconds.[0m
notifying browser that file changed:  resources\public\js\compiled\out-nrf\danuraisite\nrfapp.js
[0mCompiling "resources/public/js/compiled/nrf-app.js" from ["src/cljs-nrf"]...[0m
[32mSuccessfully compiled "resources/public/js/compiled/nrf-app.js" in 1.045 seconds.[0m
notifying browser that file changed:  resources\public\js\compiled\out-nrf\danuraisite\nrfapp.js
[0mCompiling "resources/public/js/compiled/nrf-app.js" from ["src/cljs-nrf"]...[0m
[32mSuccessfully compiled "resources/public/js/compiled/nrf-app.js" in 1.155 seconds.[0m
notifying browser that file changed:  resources\public\js\compiled\out-nrf\danuraisite\nrfapp.js
[0mCompiling "resources/public/js/compiled/nrf-app.js" from ["src/cljs-nrf"]...[0m
[32mSuccessfully compiled "resources/public/js/compiled/nrf-app.js" in 1.09 seconds.[0m
notifying browser that file changed:  resources\public\js\compiled\out-nrf\danuraisite\nrfapp.js
[0mCompiling "resources/public/js/compiled/nrf-app.js" from ["src/cljs-nrf"]...[0m
[32mSuccessfully compiled "resources/public/js/compiled/nrf-app.js" in 1.118 seconds.[0m
notifying browser that file changed:  resources\public\js\compiled\out-nrf\danuraisite\nrfapp.js
[0mCompiling "resources/public/js/compiled/nrf-app.js" from ["src/cljs-nrf"]...[0m
[31mFailed to compile "resources/public/js/compiled/nrf-app.js" in 0.397 seconds.[0m
[36m----  Could not Read  src/cljs-nrf/danuraisite/nrfapp.cljs   line:78 ----[0m

  [1mD:\Projects\danuraisite\src\cljs-nrf\danuraisite\nrfapp.cljs [line 78, col 43] Unmatched delimiter ].[0m

  [36m76[0m  [36m                (filter #(= (:type_code %) t))[0m
  [36m77[0m  [36m                (filter #(contains? packs (:pack_code %))))][0m
  [33m78[0m  [1m(prn (concat sector [(repeat 4 {}]))[0m
  [0m  [0m  [33mD:\Projects\danuraisite\src\cljs-nrf\danuraisite\nrfapp.cljs [line 78, col 43] Unmatched delimiter ].[0m
  [36m79[0m  [36msector[0m
  [36m80[0m  [36m;(concat sector [(repeat (mod (count sector) 9) {:image_url ""})])[0m
  [36m81[0m  [36m                ))))[0m

[36m----  Reader Error : Please see src/cljs-nrf/danuraisite/nrfapp.cljs  ----[0m
[0mCompiling "resources/public/js/compiled/nrf-app.js" from ["src/cljs-nrf"]...[0m
[32mSuccessfully compiled "resources/public/js/compiled/nrf-app.js" in 1.118 seconds.[0m
notifying browser that file changed:  resources\public\js\compiled\out-nrf\danuraisite\nrfapp.js
[0mCompiling "resources/public/js/compiled/nrf-app.js" from ["src/cljs-nrf"]...[0m
[32mSuccessfully compiled "resources/public/js/compiled/nrf-app.js" in 1.458 seconds.[0m
notifying browser that file changed:  resources\public\js\compiled\out-nrf\danuraisite\nrfapp.js
[0mCompiling "resources/public/js/compiled/nrf-app.js" from ["src/cljs-nrf"]...[0m
[32mSuccessfully compiled "resources/public/js/compiled/nrf-app.js" in 1.082 seconds.[0m
notifying browser that file changed:  resources\public\js\compiled\out-nrf\danuraisite\nrfapp.js
[0mCompiling "resources/public/js/compiled/nrf-app.js" from ["src/cljs-nrf"]...[0m
[32mSuccessfully compiled "resources/public/js/compiled/nrf-app.js" in 1.012 seconds.[0m
notifying browser that file changed:  resources\public\js\compiled\out-nrf\danuraisite\nrfapp.js
[0mCompiling "resources/public/js/compiled/nrf-app.js" from ["src/cljs-nrf"]...[0m
[32mSuccessfully compiled "resources/public/js/compiled/nrf-app.js" in 1.074 seconds.[0m
notifying browser that file changed:  resources\public\js\compiled\out-nrf\danuraisite\nrfapp.js
[0mCompiling "resources/public/js/compiled/nrf-app.js" from ["src/cljs-nrf"]...[0m
[32mSuccessfully compiled "resources/public/js/compiled/nrf-app.js" in 1.088 seconds.[0m
notifying browser that file changed:  resources\public\js\compiled\out-nrf\danuraisite\nrfapp.js
[0mCompiling "resources/public/js/compiled/nrf-app.js" from ["src/cljs-nrf"]...[0m
[32mSuccessfully compiled "resources/public/js/compiled/nrf-app.js" in 1.408 seconds.[0m
notifying browser that file changed:  resources\public\js\compiled\out-nrf\danuraisite\nrfapp.js
[0mCompiling "resources/public/js/compiled/nrf-app.js" from ["src/cljs-nrf"]...[0m
[32mSuccessfully compiled "resources/public/js/compiled/nrf-app.js" in 1.1 seconds.[0m
notifying browser that file changed:  resources\public\js\compiled\out-nrf\danuraisite\nrfapp.js
[0mCompiling "resources/public/js/compiled/nrf-app.js" from ["src/cljs-nrf"]...[0m
[32mSuccessfully compiled "resources/public/js/compiled/nrf-app.js" in 1.233 seconds.[0m
notifying browser that file changed:  resources\public\js\compiled\out-nrf\danuraisite\nrfapp.js
[0mCompiling "resources/public/js/compiled/nrf-app.js" from ["src/cljs-nrf"]...[0m
[36m----  Compiler Warning on   src/cljs-nrf/danuraisite/nrfapp.cljs   line:78  column:37  ----[0m

  [1mWrong number of args (1) passed to cljs.core/mod[0m

  [36m74[0m  [36m      (let [sector (->> cards[0m
  [36m75[0m  [36m                        (filter #(= (:faction_code %) faction))[0m
  [36m76[0m  [36m                        (filter #(= (:type_code %) t))[0m
  [36m77[0m  [36m                        (filter #(contains? packs (:pack_code %))))][0m
  [33m78[0m  [1m        (prn (concat sector (repeat (mod (count sector 9)) {:code "01001"})))[0m
  [0m  [0m  [33m                                    ^--- Wrong number of args (1) passed to cljs.core/mod[0m
  [36m79[0m  [36m        sector[0m
  [36m80[0m  [36m                        ))))[0m
  [36m81[0m  [36m      [0m
  [36m82[0m  [36m      [0m
  [36m83[0m  [36m(defn App [][0m

[36m----  Compiler Warning : Please see src/cljs-nrf/danuraisite/nrfapp.cljs  ----[0m
[36m----  Compiler Warning on   src/cljs-nrf/danuraisite/nrfapp.cljs   line:78  column:42  ----[0m

  [1mWrong number of args (2) passed to cljs.core/count[0m

  [36m74[0m  [36m      (let [sector (->> cards[0m
  [36m75[0m  [36m                        (filter #(= (:faction_code %) faction))[0m
  [36m76[0m  [36m                        (filter #(= (:type_code %) t))[0m
  [36m77[0m  [36m                        (filter #(contains? packs (:pack_code %))))][0m
  [33m78[0m  [1m        (prn (concat sector (repeat (mod (count sector 9)) {:code "01001"})))[0m
  [0m  [0m  [33m                                         ^--- Wrong number of args (2) passed to cljs.core/count[0m
  [36m79[0m  [36m        sector[0m
  [36m80[0m  [36m                        ))))[0m
  [36m81[0m  [36m      [0m
  [36m82[0m  [36m      [0m
  [36m83[0m  [36m(defn App [][0m

[36m----  Compiler Warning : Please see src/cljs-nrf/danuraisite/nrfapp.cljs  ----[0m
[36m----  Compiler Warning on   src/cljs-nrf/danuraisite/nrfapp.cljs   line:78  column:37  ----[0m

  [1mWrong number of args (1) passed to cljs.core/mod[0m

  [36m74[0m  [36m      (let [sector (->> cards[0m
  [36m75[0m  [36m                        (filter #(= (:faction_code %) faction))[0m
  [36m76[0m  [36m                        (filter #(= (:type_code %) t))[0m
  [36m77[0m  [36m                        (filter #(contains? packs (:pack_code %))))][0m
  [33m78[0m  [1m        (prn (concat sector (repeat (mod (count sector 9)) {:code "01001"})))[0m
  [0m  [0m  [33m                                    ^--- Wrong number of args (1) passed to cljs.core/mod[0m
  [36m79[0m  [36m        sector[0m
  [36m80[0m  [36m                        ))))[0m
  [36m81[0m  [36m      [0m
  [36m82[0m  [36m      [0m
  [36m83[0m  [36m(defn App [][0m

[36m----  Compiler Warning : Please see src/cljs-nrf/danuraisite/nrfapp.cljs  ----[0m
[36m----  Compiler Warning on   src/cljs-nrf/danuraisite/nrfapp.cljs   line:78  column:42  ----[0m

  [1mWrong number of args (2) passed to cljs.core/count[0m

  [36m74[0m  [36m      (let [sector (->> cards[0m
  [36m75[0m  [36m                        (filter #(= (:faction_code %) faction))[0m
  [36m76[0m  [36m                        (filter #(= (:type_code %) t))[0m
  [36m77[0m  [36m                        (filter #(contains? packs (:pack_code %))))][0m
  [33m78[0m  [1m        (prn (concat sector (repeat (mod (count sector 9)) {:code "01001"})))[0m
  [0m  [0m  [33m                                         ^--- Wrong number of args (2) passed to cljs.core/count[0m
  [36m79[0m  [36m        sector[0m
  [36m80[0m  [36m                        ))))[0m
  [36m81[0m  [36m      [0m
  [36m82[0m  [36m      [0m
  [36m83[0m  [36m(defn App [][0m

[36m----  Compiler Warning : Please see src/cljs-nrf/danuraisite/nrfapp.cljs  ----[0m
[32mSuccessfully compiled "resources/public/js/compiled/nrf-app.js" in 1.089 seconds.[0m
notifying browser that file changed:  resources\public\js\compiled\out-nrf\danuraisite\nrfapp.js
[0mCompiling "resources/public/js/compiled/nrf-app.js" from ["src/cljs-nrf"]...[0m
[32mSuccessfully compiled "resources/public/js/compiled/nrf-app.js" in 0.972 seconds.[0m
notifying browser that file changed:  resources\public\js\compiled\out-nrf\danuraisite\nrfapp.js
[0mCompiling "resources/public/js/compiled/nrf-app.js" from ["src/cljs-nrf"]...[0m
[32mSuccessfully compiled "resources/public/js/compiled/nrf-app.js" in 0.979 seconds.[0m
notifying browser that file changed:  resources\public\js\compiled\out-nrf\danuraisite\nrfapp.js
[0mCompiling "resources/public/js/compiled/nrf-app.js" from ["src/cljs-nrf"]...[0m
[32mSuccessfully compiled "resources/public/js/compiled/nrf-app.js" in 1.028 seconds.[0m
notifying browser that file changed:  resources\public\js\compiled\out-nrf\danuraisite\nrfapp.js
[0mCompiling "resources/public/js/compiled/nrf-app.js" from ["src/cljs-nrf"]...[0m
[32mSuccessfully compiled "resources/public/js/compiled/nrf-app.js" in 1.035 seconds.[0m
notifying browser that file changed:  resources\public\js\compiled\out-nrf\danuraisite\nrfapp.js
[0mCompiling "resources/public/js/compiled/nrf-app.js" from ["src/cljs-nrf"]...[0m
[32mSuccessfully compiled "resources/public/js/compiled/nrf-app.js" in 0.957 seconds.[0m
notifying browser that file changed:  resources\public\js\compiled\out-nrf\danuraisite\nrfapp.js
[0mCompiling "resources/public/js/compiled/nrf-app.js" from ["src/cljs-nrf"]...[0m
[32mSuccessfully compiled "resources/public/js/compiled/nrf-app.js" in 1.009 seconds.[0m
notifying browser that file changed:  resources\public\js\compiled\out-nrf\danuraisite\nrfapp.js
[0mCompiling "resources/public/js/compiled/nrf-app.js" from ["src/cljs-nrf"]...[0m
[32mSuccessfully compiled "resources/public/js/compiled/nrf-app.js" in 1.001 seconds.[0m
notifying browser that file changed:  resources\public\js\compiled\out-nrf\danuraisite\nrfapp.js
[0mCompiling "resources/public/js/compiled/nrf-app.js" from ["src/cljs-nrf"]...[0m
[32mSuccessfully compiled "resources/public/js/compiled/nrf-app.js" in 1.082 seconds.[0m
notifying browser that file changed:  resources\public\js\compiled\out-nrf\danuraisite\nrfapp.js
[0mCompiling "resources/public/js/compiled/nrf-app.js" from ["src/cljs-nrf"]...[0m
[32mSuccessfully compiled "resources/public/js/compiled/nrf-app.js" in 1.08 seconds.[0m
notifying browser that file changed:  resources\public\js\compiled\out-nrf\danuraisite\nrfapp.js
[0mCompiling "resources/public/js/compiled/nrf-app.js" from ["src/cljs-nrf"]...[0m
[32mSuccessfully compiled "resources/public/js/compiled/nrf-app.js" in 1.052 seconds.[0m
notifying browser that file changed:  resources\public\js\compiled\out-nrf\danuraisite\nrfapp.js
[0mCompiling "resources/public/js/compiled/nrf-app.js" from ["src/cljs-nrf"]...[0m
[36m----  Compiler Warning on   src/cljs-nrf/danuraisite/nrfapp.cljs   line:101  column:47  ----[0m

  [1mUse of undeclared Var danuraisite.nrfapp/type_code[0m

  [36m 97[0m  [36m        :style {:color (get @colours (:code f)) :cursor "pointer"}[0m
  [36m 98[0m  [36m        :on-click (fn [] (reset! faction (:code f)) (reset! pageno 1))}[0m
  [36m 99[0m  [36m        (:name f)]))]][0m
  [36m100[0m  [36m[:div.row.mb-3.d-flex[0m
  [33m101[0m  [1m  [:span (->> currentpage first type_code clojure.string/capitalize)][0m
  [0m   [0m  [33m                                ^--- Use of undeclared Var danuraisite.nrfapp/type_code[0m
  [36m102[0m  [36m  [:div.btn-group.btn-group-sm.mx-auto ;.btn-group-toggle.btn-group-sm {:data-toggle "buttons" :on-change #(prn (-> % .-target }[0m
  [36m103[0m  [36m    (doall (for [n (range 1 (-> clist count (/ 9) Math/ceil inc))][0m
  [36m104[0m  [36m      ^{:key (gensym)}[:button.btn.btn-outline-secondary {:class (if (= n @pageno) "active") :on-click #(reset! pageno n)}[0m
  [36m105[0m  [36m        n]))]][0m
  [36m106[0m  [36m[:div.row.mb-3 ;.sticky-top.pt-2[0m

[36m----  Compiler Warning : Please see src/cljs-nrf/danuraisite/nrfapp.cljs  ----[0m
[32mSuccessfully compiled "resources/public/js/compiled/nrf-app.js" in 1.2 seconds.[0m
notifying browser that file changed:  resources\public\js\compiled\out-nrf\danuraisite\nrfapp.js
[0mCompiling "resources/public/js/compiled/nrf-app.js" from ["src/cljs-nrf"]...[0m
[32mSuccessfully compiled "resources/public/js/compiled/nrf-app.js" in 1.043 seconds.[0m
notifying browser that file changed:  resources\public\js\compiled\out-nrf\danuraisite\nrfapp.js
[0mCompiling "resources/public/js/compiled/nrf-app.js" from ["src/cljs-nrf"]...[0m
[32mSuccessfully compiled "resources/public/js/compiled/nrf-app.js" in 1.014 seconds.[0m
notifying browser that file changed:  resources\public\js\compiled\out-nrf\danuraisite\nrfapp.js
[0mCompiling "resources/public/js/compiled/nrf-app.js" from ["src/cljs-nrf"]...[0m
[32mSuccessfully compiled "resources/public/js/compiled/nrf-app.js" in 1.089 seconds.[0m
notifying browser that file changed:  resources\public\js\compiled\out-nrf\danuraisite\nrfapp.js
[0mCompiling "resources/public/js/compiled/nrf-app.js" from ["src/cljs-nrf"]...[0m
[32mSuccessfully compiled "resources/public/js/compiled/nrf-app.js" in 1.069 seconds.[0m
notifying browser that file changed:  resources\public\js\compiled\out-nrf\danuraisite\nrfapp.js
[0mCompiling "resources/public/js/compiled/nrf-app.js" from ["src/cljs-nrf"]...[0m
[32mSuccessfully compiled "resources/public/js/compiled/nrf-app.js" in 1.073 seconds.[0m
notifying browser that file changed:  resources\public\js\compiled\out-nrf\danuraisite\nrfapp.js
[0mCompiling "resources/public/js/compiled/nrf-app.js" from ["src/cljs-nrf"]...[0m
[32mSuccessfully compiled "resources/public/js/compiled/nrf-app.js" in 1.128 seconds.[0m
notifying browser that file changed:  resources\public\js\compiled\out-nrf\danuraisite\nrfapp.js
[0mCompiling "resources/public/js/compiled/nrf-app.js" from ["src/cljs-nrf"]...[0m
[32mSuccessfully compiled "resources/public/js/compiled/nrf-app.js" in 1.147 seconds.[0m
notifying browser that file changed:  resources\public\js\compiled\out-nrf\danuraisite\nrfapp.js
[0mCompiling "resources/public/js/compiled/nrf-app.js" from ["src/cljs-nrf"]...[0m
[32mSuccessfully compiled "resources/public/js/compiled/nrf-app.js" in 1.051 seconds.[0m
notifying browser that file changed:  resources/public/js/compiled/out-nrf/goog/deps.js
notifying browser that file changed:  resources/public/js/compiled/out-nrf/cljs_deps.js
notifying browser that file changed:  resources\public\js\compiled\out-nrf\danuraisite\nrfapp.js
[0mCompiling "resources/public/js/compiled/nrf-app.js" from ["src/cljs-nrf"]...[0m
[32mSuccessfully compiled "resources/public/js/compiled/nrf-app.js" in 1.101 seconds.[0m
notifying browser that file changed:  resources\public\js\compiled\out-nrf\danuraisite\nrfapp.js
[0mCompiling "resources/public/js/compiled/nrf-app.js" from ["src/cljs-nrf"]...[0m
[31mFailed to compile "resources/public/js/compiled/nrf-app.js" in 0.413 seconds.[0m
[36m----  Could not Read  src/cljs-nrf/danuraisite/nrfapp.cljs   line:74 ----[0m

  [1mD:\Projects\danuraisite\src\cljs-nrf\danuraisite\nrfapp.cljs [line 74, col 73] Unmatched delimiter ].[0m

  [36m72[0m  [36m(let [factioncards (->> cards [0m
  [36m73[0m  [36m                        (filter #(contains? packs (:pack_code %)))[0m
  [33m74[0m  [1m                        (filter #(= (:faction_code %) faction) cards)][0m
  [0m  [0m  [33m                        D:\Projects\danuraisite\src\cljs-nrf\danuraisite\nrfapp.cljs [line 74, col 73] Unmatched delimiter ].[0m
  [36m75[0m  [36m  (prn (count factioncards))[0m
  [36m76[0m  [36m  (if (< (count factioncards) 10)[0m
  [36m77[0m  [36m      (concat factioncards (repeat (- 9 (count factioncards)) {:image_url ""}))[0m

[36m----  Reader Error : Please see src/cljs-nrf/danuraisite/nrfapp.cljs  ----[0m
[0mCompiling "resources/public/js/compiled/nrf-app.js" from ["src/cljs-nrf"]...[0m
[32mSuccessfully compiled "resources/public/js/compiled/nrf-app.js" in 1.014 seconds.[0m
notifying browser that file changed:  resources\public\js\compiled\out-nrf\danuraisite\nrfapp.js
[0mCompiling "resources/public/js/compiled/nrf-app.js" from ["src/cljs-nrf"]...[0m
[32mSuccessfully compiled "resources/public/js/compiled/nrf-app.js" in 1.471 seconds.[0m
notifying browser that file changed:  resources\public\js\compiled\out-nrf\danuraisite\nrfapp.js
